::1 - - [06/Feb/2021:12:05:42 +0000] "GET / HTTP/1.1" 304 - "-" "Mozilla/5.0 (Windows NT 6.1) AppleWebKit/537.36 (KHTML, like Gecko) Chrome/88.0.4324.146 Safari/537.36"
::1 - - [06/Feb/2021:12:05:42 +0000] "GET /stylesheets/style.css HTTP/1.1" 304 - "http://localhost:3000/" "Mozilla/5.0 (Windows NT 6.1) AppleWebKit/537.36 (KHTML, like Gecko) Chrome/88.0.4324.146 Safari/537.36"
::1 - - [06/Feb/2021:13:06:38 +0000] "GET /graphql HTTP/1.1" 404 1462 "https://medium.com/@utkarshprakash/setting-up-graphql-server-with-nodejs-express-and-mongodb-d72fba13216" "Mozilla/5.0 (Windows NT 6.1) AppleWebKit/537.36 (KHTML, like Gecko) Chrome/88.0.4324.146 Safari/537.36"
::1 - - [06/Feb/2021:13:06:38 +0000] "GET /stylesheets/style.css HTTP/1.1" 304 - "http://localhost:3000/graphql" "Mozilla/5.0 (Windows NT 6.1) AppleWebKit/537.36 (KHTML, like Gecko) Chrome/88.0.4324.146 Safari/537.36"
::1 - - [06/Feb/2021:13:08:03 +0000] "GET /graphql HTTP/1.1" 200 927959 "https://medium.com/@utkarshprakash/setting-up-graphql-server-with-nodejs-express-and-mongodb-d72fba13216" "Mozilla/5.0 (Windows NT 6.1) AppleWebKit/537.36 (KHTML, like Gecko) Chrome/88.0.4324.146 Safari/537.36"
::1 - - [06/Feb/2021:13:08:03 +0000] "POST /graphql? HTTP/1.1" 200 18500 "http://localhost:3000/" "Mozilla/5.0 (Windows NT 6.1) AppleWebKit/537.36 (KHTML, like Gecko) Chrome/88.0.4324.146 Safari/537.36"
::1 - - [06/Feb/2021:13:08:08 +0000] "POST /graphql? HTTP/1.1" 200 56 "http://localhost:3000/" "Mozilla/5.0 (Windows NT 6.1) AppleWebKit/537.36 (KHTML, like Gecko) Chrome/88.0.4324.146 Safari/537.36"
::1 - - [06/Feb/2021:13:08:17 +0000] "POST /graphql? HTTP/1.1" 200 44 "http://localhost:3000/" "Mozilla/5.0 (Windows NT 6.1) AppleWebKit/537.36 (KHTML, like Gecko) Chrome/88.0.4324.146 Safari/537.36"
::1 - - [06/Feb/2021:14:53:32 +0000] "GET /graphql HTTP/1.1" 200 927959 "-" "Mozilla/5.0 (Windows NT 6.1) AppleWebKit/537.36 (KHTML, like Gecko) Chrome/88.0.4324.146 Safari/537.36"
::1 - - [06/Feb/2021:14:53:33 +0000] "POST /graphql? HTTP/1.1" 200 18500 "http://localhost:3000/" "Mozilla/5.0 (Windows NT 6.1) AppleWebKit/537.36 (KHTML, like Gecko) Chrome/88.0.4324.146 Safari/537.36"
::1 - - [06/Feb/2021:14:55:26 +0000] "POST /graphql? HTTP/1.1" 200 56 "http://localhost:3000/" "Mozilla/5.0 (Windows NT 6.1) AppleWebKit/537.36 (KHTML, like Gecko) Chrome/88.0.4324.146 Safari/537.36"
::1 - - [06/Feb/2021:14:57:36 +0000] "GET /graphql/ HTTP/1.1" 200 927959 "-" "Mozilla/5.0 (Windows NT 6.1) AppleWebKit/537.36 (KHTML, like Gecko) Chrome/88.0.4324.146 Safari/537.36"
::1 - - [06/Feb/2021:14:57:36 +0000] "POST /graphql/? HTTP/1.1" 200 18682 "http://localhost:3000/" "Mozilla/5.0 (Windows NT 6.1) AppleWebKit/537.36 (KHTML, like Gecko) Chrome/88.0.4324.146 Safari/537.36"
::1 - - [06/Feb/2021:14:58:04 +0000] "POST /graphql/? HTTP/1.1" 400 105 "http://localhost:3000/" "Mozilla/5.0 (Windows NT 6.1) AppleWebKit/537.36 (KHTML, like Gecko) Chrome/88.0.4324.146 Safari/537.36"
::1 - - [06/Feb/2021:14:58:41 +0000] "POST /graphql/? HTTP/1.1" 400 105 "http://localhost:3000/" "Mozilla/5.0 (Windows NT 6.1) AppleWebKit/537.36 (KHTML, like Gecko) Chrome/88.0.4324.146 Safari/537.36"
::1 - - [06/Feb/2021:15:00:51 +0000] "POST /graphql/? HTTP/1.1" 400 105 "http://localhost:3000/" "Mozilla/5.0 (Windows NT 6.1) AppleWebKit/537.36 (KHTML, like Gecko) Chrome/88.0.4324.146 Safari/537.36"
::1 - - [06/Feb/2021:15:02:09 +0000] "POST /graphql/? HTTP/1.1" 200 130 "http://localhost:3000/" "Mozilla/5.0 (Windows NT 6.1) AppleWebKit/537.36 (KHTML, like Gecko) Chrome/88.0.4324.146 Safari/537.36"
::1 - - [06/Feb/2021:15:02:30 +0000] "POST /graphql/? HTTP/1.1" 400 107 "http://localhost:3000/" "Mozilla/5.0 (Windows NT 6.1) AppleWebKit/537.36 (KHTML, like Gecko) Chrome/88.0.4324.146 Safari/537.36"
::1 - - [06/Feb/2021:15:03:39 +0000] "POST /graphql/? HTTP/1.1" 200 130 "http://localhost:3000/" "Mozilla/5.0 (Windows NT 6.1) AppleWebKit/537.36 (KHTML, like Gecko) Chrome/88.0.4324.146 Safari/537.36"
::1 - - [06/Feb/2021:15:06:53 +0000] "POST /graphql/? HTTP/1.1" 200 130 "http://localhost:3000/" "Mozilla/5.0 (Windows NT 6.1) AppleWebKit/537.36 (KHTML, like Gecko) Chrome/88.0.4324.146 Safari/537.36"
::1 - - [06/Feb/2021:15:06:55 +0000] "POST /graphql/? HTTP/1.1" 200 130 "http://localhost:3000/" "Mozilla/5.0 (Windows NT 6.1) AppleWebKit/537.36 (KHTML, like Gecko) Chrome/88.0.4324.146 Safari/537.36"
::1 - - [06/Feb/2021:15:07:02 +0000] "POST /graphql/? HTTP/1.1" 200 130 "http://localhost:3000/" "Mozilla/5.0 (Windows NT 6.1) AppleWebKit/537.36 (KHTML, like Gecko) Chrome/88.0.4324.146 Safari/537.36"
::1 - - [06/Feb/2021:15:07:03 +0000] "POST /graphql/? HTTP/1.1" 200 130 "http://localhost:3000/" "Mozilla/5.0 (Windows NT 6.1) AppleWebKit/537.36 (KHTML, like Gecko) Chrome/88.0.4324.146 Safari/537.36"
::1 - - [06/Feb/2021:15:07:03 +0000] "POST /graphql/? HTTP/1.1" 200 130 "http://localhost:3000/" "Mozilla/5.0 (Windows NT 6.1) AppleWebKit/537.36 (KHTML, like Gecko) Chrome/88.0.4324.146 Safari/537.36"
::1 - - [06/Feb/2021:15:13:09 +0000] "POST /graphql/? HTTP/1.1" 200 55 "http://localhost:3000/" "Mozilla/5.0 (Windows NT 6.1) AppleWebKit/537.36 (KHTML, like Gecko) Chrome/88.0.4324.146 Safari/537.36"
::1 - - [06/Feb/2021:15:15:09 +0000] "POST /graphql/? HTTP/1.1" 200 57 "http://localhost:3000/" "Mozilla/5.0 (Windows NT 6.1) AppleWebKit/537.36 (KHTML, like Gecko) Chrome/88.0.4324.146 Safari/537.36"
::1 - - [06/Feb/2021:15:15:11 +0000] "POST /graphql/? HTTP/1.1" 200 57 "http://localhost:3000/" "Mozilla/5.0 (Windows NT 6.1) AppleWebKit/537.36 (KHTML, like Gecko) Chrome/88.0.4324.146 Safari/537.36"
::1 - - [06/Feb/2021:15:15:12 +0000] "POST /graphql/? HTTP/1.1" 200 57 "http://localhost:3000/" "Mozilla/5.0 (Windows NT 6.1) AppleWebKit/537.36 (KHTML, like Gecko) Chrome/88.0.4324.146 Safari/537.36"
::1 - - [06/Feb/2021:15:15:41 +0000] "POST /graphql/? HTTP/1.1" 200 145 "http://localhost:3000/" "Mozilla/5.0 (Windows NT 6.1) AppleWebKit/537.36 (KHTML, like Gecko) Chrome/88.0.4324.146 Safari/537.36"
::1 - - [06/Feb/2021:15:16:05 +0000] "POST /graphql/? HTTP/1.1" 200 55 "http://localhost:3000/" "Mozilla/5.0 (Windows NT 6.1) AppleWebKit/537.36 (KHTML, like Gecko) Chrome/88.0.4324.146 Safari/537.36"
::1 - - [06/Feb/2021:15:16:05 +0000] "POST /graphql/? HTTP/1.1" 200 55 "http://localhost:3000/" "Mozilla/5.0 (Windows NT 6.1) AppleWebKit/537.36 (KHTML, like Gecko) Chrome/88.0.4324.146 Safari/537.36"
::1 - - [06/Feb/2021:15:16:06 +0000] "POST /graphql/? HTTP/1.1" 200 55 "http://localhost:3000/" "Mozilla/5.0 (Windows NT 6.1) AppleWebKit/537.36 (KHTML, like Gecko) Chrome/88.0.4324.146 Safari/537.36"
::1 - - [06/Feb/2021:15:16:06 +0000] "POST /graphql/? HTTP/1.1" 200 55 "http://localhost:3000/" "Mozilla/5.0 (Windows NT 6.1) AppleWebKit/537.36 (KHTML, like Gecko) Chrome/88.0.4324.146 Safari/537.36"
::1 - - [06/Feb/2021:15:16:06 +0000] "POST /graphql/? HTTP/1.1" 200 55 "http://localhost:3000/" "Mozilla/5.0 (Windows NT 6.1) AppleWebKit/537.36 (KHTML, like Gecko) Chrome/88.0.4324.146 Safari/537.36"
::1 - - [06/Feb/2021:15:36:01 +0000] "POST /graphql/? HTTP/1.1" 200 55 "http://localhost:3000/" "Mozilla/5.0 (Windows NT 6.1) AppleWebKit/537.36 (KHTML, like Gecko) Chrome/88.0.4324.146 Safari/537.36"
::1 - - [06/Feb/2021:15:36:32 +0000] "POST /graphql/? HTTP/1.1" 200 57 "http://localhost:3000/" "Mozilla/5.0 (Windows NT 6.1) AppleWebKit/537.36 (KHTML, like Gecko) Chrome/88.0.4324.146 Safari/537.36"
::1 - - [06/Feb/2021:15:36:42 +0000] "POST /graphql/? HTTP/1.1" 200 55 "http://localhost:3000/" "Mozilla/5.0 (Windows NT 6.1) AppleWebKit/537.36 (KHTML, like Gecko) Chrome/88.0.4324.146 Safari/537.36"
::1 - - [06/Feb/2021:15:36:43 +0000] "POST /graphql/? HTTP/1.1" 200 55 "http://localhost:3000/" "Mozilla/5.0 (Windows NT 6.1) AppleWebKit/537.36 (KHTML, like Gecko) Chrome/88.0.4324.146 Safari/537.36"
::1 - - [06/Feb/2021:15:36:43 +0000] "POST /graphql/? HTTP/1.1" 200 55 "http://localhost:3000/" "Mozilla/5.0 (Windows NT 6.1) AppleWebKit/537.36 (KHTML, like Gecko) Chrome/88.0.4324.146 Safari/537.36"
::1 - - [06/Feb/2021:15:36:43 +0000] "POST /graphql/? HTTP/1.1" 200 55 "http://localhost:3000/" "Mozilla/5.0 (Windows NT 6.1) AppleWebKit/537.36 (KHTML, like Gecko) Chrome/88.0.4324.146 Safari/537.36"
::1 - - [06/Feb/2021:15:38:16 +0000] "POST /graphql/? HTTP/1.1" 200 55 "http://localhost:3000/" "Mozilla/5.0 (Windows NT 6.1) AppleWebKit/537.36 (KHTML, like Gecko) Chrome/88.0.4324.146 Safari/537.36"
::1 - - [06/Feb/2021:15:38:17 +0000] "POST /graphql/? HTTP/1.1" 200 55 "http://localhost:3000/" "Mozilla/5.0 (Windows NT 6.1) AppleWebKit/537.36 (KHTML, like Gecko) Chrome/88.0.4324.146 Safari/537.36"
::1 - - [06/Feb/2021:15:38:17 +0000] "POST /graphql/? HTTP/1.1" 200 55 "http://localhost:3000/" "Mozilla/5.0 (Windows NT 6.1) AppleWebKit/537.36 (KHTML, like Gecko) Chrome/88.0.4324.146 Safari/537.36"
::1 - - [06/Feb/2021:15:38:18 +0000] "POST /graphql/? HTTP/1.1" 200 55 "http://localhost:3000/" "Mozilla/5.0 (Windows NT 6.1) AppleWebKit/537.36 (KHTML, like Gecko) Chrome/88.0.4324.146 Safari/537.36"
::1 - - [06/Feb/2021:15:38:18 +0000] "POST /graphql/? HTTP/1.1" 200 55 "http://localhost:3000/" "Mozilla/5.0 (Windows NT 6.1) AppleWebKit/537.36 (KHTML, like Gecko) Chrome/88.0.4324.146 Safari/537.36"
::1 - - [06/Feb/2021:15:38:37 +0000] "POST /graphql/? HTTP/1.1" 200 42 "http://localhost:3000/" "Mozilla/5.0 (Windows NT 6.1) AppleWebKit/537.36 (KHTML, like Gecko) Chrome/88.0.4324.146 Safari/537.36"
::1 - - [06/Feb/2021:15:40:04 +0000] "POST /graphql/? HTTP/1.1" 200 21 "http://localhost:3000/" "Mozilla/5.0 (Windows NT 6.1) AppleWebKit/537.36 (KHTML, like Gecko) Chrome/88.0.4324.146 Safari/537.36"
::1 - - [06/Feb/2021:15:40:45 +0000] "POST /graphql/? HTTP/1.1" 200 25 "http://localhost:3000/" "Mozilla/5.0 (Windows NT 6.1) AppleWebKit/537.36 (KHTML, like Gecko) Chrome/88.0.4324.146 Safari/537.36"
::1 - - [06/Feb/2021:15:41:09 +0000] "POST /graphql/? HTTP/1.1" 200 26 "http://localhost:3000/" "Mozilla/5.0 (Windows NT 6.1) AppleWebKit/537.36 (KHTML, like Gecko) Chrome/88.0.4324.146 Safari/537.36"
::1 - - [06/Feb/2021:15:41:11 +0000] "POST /graphql/? HTTP/1.1" 200 26 "http://localhost:3000/" "Mozilla/5.0 (Windows NT 6.1) AppleWebKit/537.36 (KHTML, like Gecko) Chrome/88.0.4324.146 Safari/537.36"
::1 - - [06/Feb/2021:15:41:15 +0000] "GET /graphql?query=%23%20Welcome%20to%20GraphiQL%0A%23%0A%23%20GraphiQL%20is%20an%20in-browser%20tool%20for%20writing%2C%20validating%2C%20and%0A%23%20testing%20GraphQL%20queries.%0A%23%0A%23%20Type%20queries%20into%20this%20side%20of%20the%20screen%2C%20and%20you%20will%20see%20intelligent%0A%23%20typeaheads%20aware%20of%20the%20current%20GraphQL%20type%20schema%20and%20live%20syntax%20and%0A%23%20validation%20errors%20highlighted%20within%20the%20text.%0A%23%0A%23%20GraphQL%20queries%20typically%20start%20with%20a%20%22%7B%22%20character.%20Lines%20that%20start%0A%23%20with%20a%20%23%20are%20ignored.%0A%23%0A%23%20An%20example%20GraphQL%20query%20might%20look%20like%3A%0A%23%0A%23%20%20%20%20%20%7B%0A%23%20%20%20%20%20%20%20field(arg%3A%20%22value%22)%20%7B%0A%23%20%20%20%20%20%20%20%20%20subField%0A%23%20%20%20%20%20%20%20%7D%0A%23%20%20%20%20%20%7D%0A%23%0A%23%20Keyboard%20shortcuts%3A%0A%23%0A%23%20%20Prettify%20Query%3A%20%20Shift-Ctrl-P%20(or%20press%20the%20prettify%20button%20above)%0A%23%0A%23%20%20%20%20%20Merge%20Query%3A%20%20Shift-Ctrl-M%20(or%20press%20the%20merge%20button%20above)%0A%23%0A%23%20%20%20%20%20%20%20Run%20Query%3A%20%20Ctrl-Enter%20(or%20press%20the%20play%20button%20above)%0A%23%0A%23%20%20%20Auto%20Complete%3A%20%20Ctrl-Space%20(or%20just%20start%20typing)%0A%23%0A%7B%0A%20%20book(id%3A%221%22)%7B%0A%20%20%20%20%20id%0A%20%20%20%20%20name%0A%20%20%20%20%20pages%0A%20%20%7D%0A%7D%0A HTTP/1.1" 200 928985 "https://medium.com/@utkarshprakash/setting-up-graphql-server-with-nodejs-express-and-mongodb-d72fba13216" "Mozilla/5.0 (Windows NT 6.1) AppleWebKit/537.36 (KHTML, like Gecko) Chrome/88.0.4324.146 Safari/537.36"
::1 - - [06/Feb/2021:15:41:16 +0000] "POST /graphql? HTTP/1.1" 200 19117 "http://localhost:3000/" "Mozilla/5.0 (Windows NT 6.1) AppleWebKit/537.36 (KHTML, like Gecko) Chrome/88.0.4324.146 Safari/537.36"
::1 - - [06/Feb/2021:15:41:28 +0000] "POST /graphql? HTTP/1.1" 400 105 "http://localhost:3000/" "Mozilla/5.0 (Windows NT 6.1) AppleWebKit/537.36 (KHTML, like Gecko) Chrome/88.0.4324.146 Safari/537.36"
::1 - - [06/Feb/2021:16:41:26 +0000] "GET /graphql?query=%23%20Welcome%20to%20GraphiQL%0A%23%0A%23%20GraphiQL%20is%20an%20in-browser%20tool%20for%20writing%2C%20validating%2C%20and%0A%23%20testing%20GraphQL%20queries.%0A%23%0A%23%20Type%20queries%20into%20this%20side%20of%20the%20screen%2C%20and%20you%20will%20see%20intelligent%0A%23%20typeaheads%20aware%20of%20the%20current%20GraphQL%20type%20schema%20and%20live%20syntax%20and%0A%23%20validation%20errors%20highlighted%20within%20the%20text.%0A%23%0A%23%20GraphQL%20queries%20typically%20start%20with%20a%20%22%7B%22%20character.%20Lines%20that%20start%0A%23%20with%20a%20%23%20are%20ignored.%0A%23%0A%23%20An%20example%20GraphQL%20query%20might%20look%20like%3A%0A%23%0A%23%20%20%20%20%20%7B%0A%23%20%20%20%20%20%20%20field(arg%3A%20%22value%22)%20%7B%0A%23%20%20%20%20%20%20%20%20%20subField%0A%23%20%20%20%20%20%20%20%7D%0A%23%20%20%20%20%20%7D%0A%23%0A%23%20Keyboard%20shortcuts%3A%0A%23%0A%23%20%20Prettify%20Query%3A%20%20Shift-Ctrl-P%20(or%20press%20the%20prettify%20button%20above)%0A%23%0A%23%20%20%20%20%20Merge%20Query%3A%20%20Shift-Ctrl-M%20(or%20press%20the%20merge%20button%20above)%0A%23%0A%23%20%20%20%20%20%20%20Run%20Query%3A%20%20Ctrl-Enter%20(or%20press%20the%20play%20button%20above)%0A%23%0A%23%20%20%20Auto%20Complete%3A%20%20Ctrl-Space%20(or%20just%20start%20typing)%0A%23%0A%7B%0A%20%20getDie(number%3A6)%7B%0A%20%20%20%20number%2C%0A%20%20%20%20id%0A%20%20%7D%0A%7D%0A HTTP/1.1" 400 929288 "https://medium.com/@utkarshprakash/setting-up-graphql-server-with-nodejs-express-and-mongodb-d72fba13216" "Mozilla/5.0 (Windows NT 6.1) AppleWebKit/537.36 (KHTML, like Gecko) Chrome/88.0.4324.146 Safari/537.36"
::1 - - [06/Feb/2021:16:41:27 +0000] "POST /graphql? HTTP/1.1" 200 19814 "http://localhost:3000/" "Mozilla/5.0 (Windows NT 6.1) AppleWebKit/537.36 (KHTML, like Gecko) Chrome/88.0.4324.146 Safari/537.36"
::1 - - [06/Feb/2021:16:41:48 +0000] "POST /graphql? HTTP/1.1" 200 34 "http://localhost:3000/" "Mozilla/5.0 (Windows NT 6.1) AppleWebKit/537.36 (KHTML, like Gecko) Chrome/88.0.4324.146 Safari/537.36"
::1 - - [06/Feb/2021:16:42:00 +0000] "POST /graphql? HTTP/1.1" 200 47 "http://localhost:3000/" "Mozilla/5.0 (Windows NT 6.1) AppleWebKit/537.36 (KHTML, like Gecko) Chrome/88.0.4324.146 Safari/537.36"
::1 - - [06/Feb/2021:16:46:51 +0000] "POST /graphql? HTTP/1.1" 200 199 "http://localhost:3000/" "Mozilla/5.0 (Windows NT 6.1) AppleWebKit/537.36 (KHTML, like Gecko) Chrome/88.0.4324.146 Safari/537.36"
::1 - - [06/Feb/2021:16:47:53 +0000] "POST /graphql? HTTP/1.1" 500 181 "http://localhost:3000/" "Mozilla/5.0 (Windows NT 6.1) AppleWebKit/537.36 (KHTML, like Gecko) Chrome/88.0.4324.146 Safari/537.36"
::1 - - [06/Feb/2021:16:49:04 +0000] "POST /graphql? HTTP/1.1" 200 64 "http://localhost:3000/" "Mozilla/5.0 (Windows NT 6.1) AppleWebKit/537.36 (KHTML, like Gecko) Chrome/88.0.4324.146 Safari/537.36"
::1 - - [06/Feb/2021:16:49:35 +0000] "GET /graphql?query=%23%20Welcome%20to%20GraphiQL%0A%23%0A%23%20GraphiQL%20is%20an%20in-browser%20tool%20for%20writing%2C%20validating%2C%20and%0A%23%20testing%20GraphQL%20queries.%0A%23%0A%23%20Type%20queries%20into%20this%20side%20of%20the%20screen%2C%20and%20you%20will%20see%20intelligent%0A%23%20typeaheads%20aware%20of%20the%20current%20GraphQL%20type%20schema%20and%20live%20syntax%20and%0A%23%20validation%20errors%20highlighted%20within%20the%20text.%0A%23%0A%23%20GraphQL%20queries%20typically%20start%20with%20a%20%22%7B%22%20character.%20Lines%20that%20start%0A%23%20with%20a%20%23%20are%20ignored.%0A%23%0A%23%20An%20example%20GraphQL%20query%20might%20look%20like%3A%0A%23%0A%23%20%20%20%20%20%7B%0A%23%20%20%20%20%20%20%20field(arg%3A%20%22value%22)%20%7B%0A%23%20%20%20%20%20%20%20%20%20subField%0A%23%20%20%20%20%20%20%20%7D%0A%23%20%20%20%20%20%7D%0A%23%0A%23%20Keyboard%20shortcuts%3A%0A%23%0A%23%20%20Prettify%20Query%3A%20%20Shift-Ctrl-P%20(or%20press%20the%20prettify%20button%20above)%0A%23%0A%23%20%20%20%20%20Merge%20Query%3A%20%20Shift-Ctrl-M%20(or%20press%20the%20merge%20button%20above)%0A%23%0A%23%20%20%20%20%20%20%20Run%20Query%3A%20%20Ctrl-Enter%20(or%20press%20the%20play%20button%20above)%0A%23%0A%23%20%20%20Auto%20Complete%3A%20%20Ctrl-Space%20(or%20just%20start%20typing)%0A%23%0A%7B%0A%20%20getDie(number%3A6)%7B%0A%20%20%20%20numSides%2C%0A%20%20%20%20rollOnce%2C%0A%20%20%20%20roll(numRolls%3A4)%0A%20%20%7D%0A%7D%0A HTTP/1.1" 200 929059 "https://medium.com/@utkarshprakash/setting-up-graphql-server-with-nodejs-express-and-mongodb-d72fba13216" "Mozilla/5.0 (Windows NT 6.1) AppleWebKit/537.36 (KHTML, like Gecko) Chrome/88.0.4324.146 Safari/537.36"
::1 - - [06/Feb/2021:16:49:36 +0000] "POST /graphql? HTTP/1.1" 200 20104 "http://localhost:3000/" "Mozilla/5.0 (Windows NT 6.1) AppleWebKit/537.36 (KHTML, like Gecko) Chrome/88.0.4324.146 Safari/537.36"
::1 - - [06/Feb/2021:16:49:38 +0000] "POST /graphql? HTTP/1.1" 200 64 "http://localhost:3000/" "Mozilla/5.0 (Windows NT 6.1) AppleWebKit/537.36 (KHTML, like Gecko) Chrome/88.0.4324.146 Safari/537.36"
::1 - - [06/Feb/2021:17:13:31 +0000] "POST /graphql? HTTP/1.1" 200 64 "http://localhost:3000/" "Mozilla/5.0 (Windows NT 6.1) AppleWebKit/537.36 (KHTML, like Gecko) Chrome/88.0.4324.146 Safari/537.36"
::1 - - [06/Feb/2021:17:14:42 +0000] "POST /graphql? HTTP/1.1" 200 64 "http://localhost:3000/" "Mozilla/5.0 (Windows NT 6.1) AppleWebKit/537.36 (KHTML, like Gecko) Chrome/88.0.4324.146 Safari/537.36"
::1 - - [06/Feb/2021:17:17:09 +0000] "POST /graphql? HTTP/1.1" 200 53 "http://localhost:3000/" "Mozilla/5.0 (Windows NT 6.1) AppleWebKit/537.36 (KHTML, like Gecko) Chrome/88.0.4324.146 Safari/537.36"
::1 - - [06/Feb/2021:17:17:15 +0000] "POST /graphql? HTTP/1.1" 200 107 "http://localhost:3000/" "Mozilla/5.0 (Windows NT 6.1) AppleWebKit/537.36 (KHTML, like Gecko) Chrome/88.0.4324.146 Safari/537.36"
::1 - - [06/Feb/2021:17:17:37 +0000] "POST /graphql? HTTP/1.1" 200 190 "http://localhost:3000/" "Mozilla/5.0 (Windows NT 6.1) AppleWebKit/537.36 (KHTML, like Gecko) Chrome/88.0.4324.146 Safari/537.36"
::1 - - [06/Feb/2021:17:17:39 +0000] "GET /graphql?query=%23%20Welcome%20to%20GraphiQL%0A%23%0A%23%20GraphiQL%20is%20an%20in-browser%20tool%20for%20writing%2C%20validating%2C%20and%0A%23%20testing%20GraphQL%20queries.%0A%23%0A%23%20Type%20queries%20into%20this%20side%20of%20the%20screen%2C%20and%20you%20will%20see%20intelligent%0A%23%20typeaheads%20aware%20of%20the%20current%20GraphQL%20type%20schema%20and%20live%20syntax%20and%0A%23%20validation%20errors%20highlighted%20within%20the%20text.%0A%23%0A%23%20GraphQL%20queries%20typically%20start%20with%20a%20%22%7B%22%20character.%20Lines%20that%20start%0A%23%20with%20a%20%23%20are%20ignored.%0A%23%0A%23%20An%20example%20GraphQL%20query%20might%20look%20like%3A%0A%23%0A%23%20%20%20%20%20%7B%0A%23%20%20%20%20%20%20%20field(arg%3A%20%22value%22)%20%7B%0A%23%20%20%20%20%20%20%20%20%20subField%0A%23%20%20%20%20%20%20%20%7D%0A%23%20%20%20%20%20%7D%0A%23%0A%23%20Keyboard%20shortcuts%3A%0A%23%0A%23%20%20Prettify%20Query%3A%20%20Shift-Ctrl-P%20(or%20press%20the%20prettify%20button%20above)%0A%23%0A%23%20%20%20%20%20Merge%20Query%3A%20%20Shift-Ctrl-M%20(or%20press%20the%20merge%20button%20above)%0A%23%0A%23%20%20%20%20%20%20%20Run%20Query%3A%20%20Ctrl-Enter%20(or%20press%20the%20play%20button%20above)%0A%23%0A%23%20%20%20Auto%20Complete%3A%20%20Ctrl-Space%20(or%20just%20start%20typing)%0A%23%0A%7B%0A%20%20getDie(number%3A6)%7B%0A%20%20%20%20numSides%2C%0A%20%20%20%20rollOnce%2C%0A%20%20%20%20roll(numRolls%3A4)%0A%20%20%7D%2C%0A%20%20books%7B%0A%20%20%20%20id%2C%0A%20%20%20%20name%2C%0A%20%20%20%20pages%0A%20%20%7D%0A%7D%0A HTTP/1.1" 200 929424 "https://medium.com/@utkarshprakash/setting-up-graphql-server-with-nodejs-express-and-mongodb-d72fba13216" "Mozilla/5.0 (Windows NT 6.1) AppleWebKit/537.36 (KHTML, like Gecko) Chrome/88.0.4324.146 Safari/537.36"
::1 - - [06/Feb/2021:17:17:39 +0000] "POST /graphql? HTTP/1.1" 200 20286 "http://localhost:3000/" "Mozilla/5.0 (Windows NT 6.1) AppleWebKit/537.36 (KHTML, like Gecko) Chrome/88.0.4324.146 Safari/537.36"
::1 - - [06/Feb/2021:17:18:41 +0000] "POST /graphql? HTTP/1.1" 200 190 "http://localhost:3000/" "Mozilla/5.0 (Windows NT 6.1) AppleWebKit/537.36 (KHTML, like Gecko) Chrome/88.0.4324.146 Safari/537.36"
::1 - - [06/Feb/2021:17:18:42 +0000] "POST /graphql? HTTP/1.1" 200 190 "http://localhost:3000/" "Mozilla/5.0 (Windows NT 6.1) AppleWebKit/537.36 (KHTML, like Gecko) Chrome/88.0.4324.146 Safari/537.36"
::1 - - [06/Feb/2021:17:18:51 +0000] "POST /graphql? HTTP/1.1" 200 190 "http://localhost:3000/" "Mozilla/5.0 (Windows NT 6.1) AppleWebKit/537.36 (KHTML, like Gecko) Chrome/88.0.4324.146 Safari/537.36"
::1 - - [06/Feb/2021:17:19:40 +0000] "POST /graphql? HTTP/1.1" 200 190 "http://localhost:3000/" "Mozilla/5.0 (Windows NT 6.1) AppleWebKit/537.36 (KHTML, like Gecko) Chrome/88.0.4324.146 Safari/537.36"
::1 - - [06/Feb/2021:17:22:14 +0000] "POST /graphql? HTTP/1.1" 200 235 "http://localhost:3000/" "Mozilla/5.0 (Windows NT 6.1) AppleWebKit/537.36 (KHTML, like Gecko) Chrome/88.0.4324.146 Safari/537.36"
::1 - - [06/Feb/2021:17:22:19 +0000] "POST /graphql? HTTP/1.1" 200 202 "http://localhost:3000/" "Mozilla/5.0 (Windows NT 6.1) AppleWebKit/537.36 (KHTML, like Gecko) Chrome/88.0.4324.146 Safari/537.36"
::1 - - [06/Feb/2021:17:22:26 +0000] "POST /graphql? HTTP/1.1" 400 142 "http://localhost:3000/" "Mozilla/5.0 (Windows NT 6.1) AppleWebKit/537.36 (KHTML, like Gecko) Chrome/88.0.4324.146 Safari/537.36"
::1 - - [06/Feb/2021:17:22:32 +0000] "POST /graphql? HTTP/1.1" 200 202 "http://localhost:3000/" "Mozilla/5.0 (Windows NT 6.1) AppleWebKit/537.36 (KHTML, like Gecko) Chrome/88.0.4324.146 Safari/537.36"
::1 - - [06/Feb/2021:17:22:37 +0000] "POST /graphql? HTTP/1.1" 200 236 "http://localhost:3000/" "Mozilla/5.0 (Windows NT 6.1) AppleWebKit/537.36 (KHTML, like Gecko) Chrome/88.0.4324.146 Safari/537.36"
::1 - - [06/Feb/2021:17:23:01 +0000] "POST /graphql? HTTP/1.1" 200 202 "http://localhost:3000/" "Mozilla/5.0 (Windows NT 6.1) AppleWebKit/537.36 (KHTML, like Gecko) Chrome/88.0.4324.146 Safari/537.36"
::1 - - [06/Feb/2021:17:23:06 +0000] "POST /graphql? HTTP/1.1" 200 202 "http://localhost:3000/" "Mozilla/5.0 (Windows NT 6.1) AppleWebKit/537.36 (KHTML, like Gecko) Chrome/88.0.4324.146 Safari/537.36"
::1 - - [06/Feb/2021:17:23:07 +0000] "POST /graphql? HTTP/1.1" 200 202 "http://localhost:3000/" "Mozilla/5.0 (Windows NT 6.1) AppleWebKit/537.36 (KHTML, like Gecko) Chrome/88.0.4324.146 Safari/537.36"
::1 - - [06/Feb/2021:17:23:15 +0000] "POST /graphql? HTTP/1.1" 200 236 "http://localhost:3000/" "Mozilla/5.0 (Windows NT 6.1) AppleWebKit/537.36 (KHTML, like Gecko) Chrome/88.0.4324.146 Safari/537.36"
::1 - - [06/Feb/2021:17:53:38 +0000] "POST /graphql? HTTP/1.1" 500 195 "http://localhost:3000/" "Mozilla/5.0 (Windows NT 6.1) AppleWebKit/537.36 (KHTML, like Gecko) Chrome/88.0.4324.146 Safari/537.36"
::1 - - [06/Feb/2021:17:55:50 +0000] "POST /graphql? HTTP/1.1" 500 195 "http://localhost:3000/" "Mozilla/5.0 (Windows NT 6.1) AppleWebKit/537.36 (KHTML, like Gecko) Chrome/88.0.4324.146 Safari/537.36"
::1 - - [06/Feb/2021:17:55:53 +0000] "POST /graphql? HTTP/1.1" 500 195 "http://localhost:3000/" "Mozilla/5.0 (Windows NT 6.1) AppleWebKit/537.36 (KHTML, like Gecko) Chrome/88.0.4324.146 Safari/537.36"
::1 - - [06/Feb/2021:17:56:53 +0000] "POST /graphql? HTTP/1.1" 500 195 "http://localhost:3000/" "Mozilla/5.0 (Windows NT 6.1) AppleWebKit/537.36 (KHTML, like Gecko) Chrome/88.0.4324.146 Safari/537.36"
::1 - - [06/Feb/2021:17:57:20 +0000] "POST /graphql? HTTP/1.1" 500 195 "http://localhost:3000/" "Mozilla/5.0 (Windows NT 6.1) AppleWebKit/537.36 (KHTML, like Gecko) Chrome/88.0.4324.146 Safari/537.36"
::1 - - [06/Feb/2021:17:57:21 +0000] "POST /graphql? HTTP/1.1" 500 195 "http://localhost:3000/" "Mozilla/5.0 (Windows NT 6.1) AppleWebKit/537.36 (KHTML, like Gecko) Chrome/88.0.4324.146 Safari/537.36"
::1 - - [06/Feb/2021:17:57:58 +0000] "POST /graphql? HTTP/1.1" 500 195 "http://localhost:3000/" "Mozilla/5.0 (Windows NT 6.1) AppleWebKit/537.36 (KHTML, like Gecko) Chrome/88.0.4324.146 Safari/537.36"
::1 - - [06/Feb/2021:17:59:12 +0000] "POST /graphql? HTTP/1.1" 500 195 "http://localhost:3000/" "Mozilla/5.0 (Windows NT 6.1) AppleWebKit/537.36 (KHTML, like Gecko) Chrome/88.0.4324.146 Safari/537.36"
::1 - - [06/Feb/2021:17:59:44 +0000] "POST /graphql? HTTP/1.1" 500 195 "http://localhost:3000/" "Mozilla/5.0 (Windows NT 6.1) AppleWebKit/537.36 (KHTML, like Gecko) Chrome/88.0.4324.146 Safari/537.36"
::1 - - [06/Feb/2021:18:01:39 +0000] "POST /graphql? HTTP/1.1" 500 99 "http://localhost:3000/" "Mozilla/5.0 (Windows NT 6.1) AppleWebKit/537.36 (KHTML, like Gecko) Chrome/88.0.4324.146 Safari/537.36"
::1 - - [06/Feb/2021:18:03:18 +0000] "POST /graphql? HTTP/1.1" 400 125 "http://localhost:3000/" "Mozilla/5.0 (Windows NT 6.1) AppleWebKit/537.36 (KHTML, like Gecko) Chrome/88.0.4324.146 Safari/537.36"
::1 - - [06/Feb/2021:18:03:19 +0000] "POST /graphql? HTTP/1.1" 400 125 "http://localhost:3000/" "Mozilla/5.0 (Windows NT 6.1) AppleWebKit/537.36 (KHTML, like Gecko) Chrome/88.0.4324.146 Safari/537.36"
::1 - - [06/Feb/2021:18:04:42 +0000] "POST /graphql? HTTP/1.1" 400 113 "http://localhost:3000/" "Mozilla/5.0 (Windows NT 6.1) AppleWebKit/537.36 (KHTML, like Gecko) Chrome/88.0.4324.146 Safari/537.36"
::1 - - [06/Feb/2021:18:05:18 +0000] "POST /graphql? HTTP/1.1" 200 42 "http://localhost:3000/" "Mozilla/5.0 (Windows NT 6.1) AppleWebKit/537.36 (KHTML, like Gecko) Chrome/88.0.4324.146 Safari/537.36"
::1 - - [06/Feb/2021:18:08:28 +0000] "POST /graphql? HTTP/1.1" 200 43 "http://localhost:3000/" "Mozilla/5.0 (Windows NT 6.1) AppleWebKit/537.36 (KHTML, like Gecko) Chrome/88.0.4324.146 Safari/537.36"
::1 - - [06/Feb/2021:18:08:36 +0000] "POST /graphql? HTTP/1.1" 400 116 "http://localhost:3000/" "Mozilla/5.0 (Windows NT 6.1) AppleWebKit/537.36 (KHTML, like Gecko) Chrome/88.0.4324.146 Safari/537.36"
::1 - - [06/Feb/2021:18:08:56 +0000] "POST /graphql? HTTP/1.1" 200 62 "http://localhost:3000/" "Mozilla/5.0 (Windows NT 6.1) AppleWebKit/537.36 (KHTML, like Gecko) Chrome/88.0.4324.146 Safari/537.36"
::1 - - [06/Feb/2021:18:08:59 +0000] "GET /graphql?query=%23%20Welcome%20to%20GraphiQL%0A%23%0A%23%20GraphiQL%20is%20an%20in-browser%20tool%20for%20writing%2C%20validating%2C%20and%0A%23%20testing%20GraphQL%20queries.%0A%23%0A%23%20Type%20queries%20into%20this%20side%20of%20the%20screen%2C%20and%20you%20will%20see%20intelligent%0A%23%20typeaheads%20aware%20of%20the%20current%20GraphQL%20type%20schema%20and%20live%20syntax%20and%0A%23%20validation%20errors%20highlighted%20within%20the%20text.%0A%23%0A%23%20GraphQL%20queries%20typically%20start%20with%20a%20%22%7B%22%20character.%20Lines%20that%20start%0A%23%20with%20a%20%23%20are%20ignored.%0A%23%0A%23%20An%20example%20GraphQL%20query%20might%20look%20like%3A%0A%23%0A%23%20%20%20%20%20%7B%0A%23%20%20%20%20%20%20%20field(arg%3A%20%22value%22)%20%7B%0A%23%20%20%20%20%20%20%20%20%20subField%0A%23%20%20%20%20%20%20%20%7D%0A%23%20%20%20%20%20%7D%0A%23%0A%23%20Keyboard%20shortcuts%3A%0A%23%0A%23%20%20Prettify%20Query%3A%20%20Shift-Ctrl-P%20(or%20press%20the%20prettify%20button%20above)%0A%23%0A%23%20%20%20%20%20Merge%20Query%3A%20%20Shift-Ctrl-M%20(or%20press%20the%20merge%20button%20above)%0A%23%0A%23%20%20%20%20%20%20%20Run%20Query%3A%20%20Ctrl-Enter%20(or%20press%20the%20play%20button%20above)%0A%23%0A%23%20%20%20Auto%20Complete%3A%20%20Ctrl-Space%20(or%20just%20start%20typing)%0A%23%0A%7B%0A%20%20industries%7B%0A%20%20%20%20name%2C%0A%20%20%20%20createdDate%0A%20%20%7D%0A%7D%0A HTTP/1.1" 200 928990 "https://medium.com/@utkarshprakash/setting-up-graphql-server-with-nodejs-express-and-mongodb-d72fba13216" "Mozilla/5.0 (Windows NT 6.1) AppleWebKit/537.36 (KHTML, like Gecko) Chrome/88.0.4324.146 Safari/537.36"
::1 - - [06/Feb/2021:18:08:59 +0000] "POST /graphql? HTTP/1.1" 200 20756 "http://localhost:3000/" "Mozilla/5.0 (Windows NT 6.1) AppleWebKit/537.36 (KHTML, like Gecko) Chrome/88.0.4324.146 Safari/537.36"
::1 - - [06/Feb/2021:18:13:07 +0000] "POST /graphql? HTTP/1.1" 200 44 "http://localhost:3000/" "Mozilla/5.0 (Windows NT 6.1) AppleWebKit/537.36 (KHTML, like Gecko) Chrome/88.0.4324.146 Safari/537.36"
::1 - - [06/Feb/2021:18:13:29 +0000] "POST /graphql? HTTP/1.1" 200 101 "http://localhost:3000/" "Mozilla/5.0 (Windows NT 6.1) AppleWebKit/537.36 (KHTML, like Gecko) Chrome/88.0.4324.146 Safari/537.36"
::1 - - [06/Feb/2021:18:23:49 +0000] "POST /graphql? HTTP/1.1" 200 26 "http://localhost:3000/" "Mozilla/5.0 (Windows NT 6.1) AppleWebKit/537.36 (KHTML, like Gecko) Chrome/88.0.4324.146 Safari/537.36"
::1 - - [06/Feb/2021:18:25:20 +0000] "POST /graphql? HTTP/1.1" 200 73 "http://localhost:3000/" "Mozilla/5.0 (Windows NT 6.1) AppleWebKit/537.36 (KHTML, like Gecko) Chrome/88.0.4324.146 Safari/537.36"
::1 - - [06/Feb/2021:18:27:54 +0000] "POST /graphql? HTTP/1.1" 200 74 "http://localhost:3000/" "Mozilla/5.0 (Windows NT 6.1) AppleWebKit/537.36 (KHTML, like Gecko) Chrome/88.0.4324.146 Safari/537.36"
::1 - - [06/Feb/2021:18:28:39 +0000] "POST /graphql? HTTP/1.1" 200 75 "http://localhost:3000/" "Mozilla/5.0 (Windows NT 6.1) AppleWebKit/537.36 (KHTML, like Gecko) Chrome/88.0.4324.146 Safari/537.36"
::1 - - [06/Feb/2021:18:28:55 +0000] "POST /graphql? HTTP/1.1" 200 125 "http://localhost:3000/" "Mozilla/5.0 (Windows NT 6.1) AppleWebKit/537.36 (KHTML, like Gecko) Chrome/88.0.4324.146 Safari/537.36"
::1 - - [06/Feb/2021:18:29:28 +0000] "POST /graphql? HTTP/1.1" 200 76 "http://localhost:3000/" "Mozilla/5.0 (Windows NT 6.1) AppleWebKit/537.36 (KHTML, like Gecko) Chrome/88.0.4324.146 Safari/537.36"
::1 - - [06/Feb/2021:18:29:40 +0000] "POST /graphql? HTTP/1.1" 200 177 "http://localhost:3000/" "Mozilla/5.0 (Windows NT 6.1) AppleWebKit/537.36 (KHTML, like Gecko) Chrome/88.0.4324.146 Safari/537.36"
