::1 - - [13/Feb/2021:18:30:55 +0000] "POST /graphql/? HTTP/1.1" 200 283 "http://localhost:3000/" "Mozilla/5.0 (Windows NT 6.1) AppleWebKit/537.36 (KHTML, like Gecko) Chrome/88.0.4324.150 Safari/537.36"
::1 - - [13/Feb/2021:18:31:15 +0000] "POST /graphql/? HTTP/1.1" 200 34 "http://localhost:3000/" "Mozilla/5.0 (Windows NT 6.1) AppleWebKit/537.36 (KHTML, like Gecko) Chrome/88.0.4324.150 Safari/537.36"
::1 - - [13/Feb/2021:18:32:43 +0000] "POST /graphql/? HTTP/1.1" 200 283 "http://localhost:3000/" "Mozilla/5.0 (Windows NT 6.1) AppleWebKit/537.36 (KHTML, like Gecko) Chrome/88.0.4324.150 Safari/537.36"
::1 - - [13/Feb/2021:18:32:51 +0000] "POST /graphql/ HTTP/1.1" 200 345 "http://localhost:4200/" "Mozilla/5.0 (Windows NT 6.1) AppleWebKit/537.36 (KHTML, like Gecko) Chrome/88.0.4324.150 Safari/537.36"
::1 - - [13/Feb/2021:18:32:59 +0000] "POST /graphql/ HTTP/1.1" 200 333 "http://localhost:4200/" "Mozilla/5.0 (Windows NT 6.1) AppleWebKit/537.36 (KHTML, like Gecko) Chrome/88.0.4324.150 Safari/537.36"
::1 - - [13/Feb/2021:18:33:43 +0000] "POST /graphql/ HTTP/1.1" 200 345 "http://localhost:4200/" "Mozilla/5.0 (Windows NT 6.1) AppleWebKit/537.36 (KHTML, like Gecko) Chrome/88.0.4324.150 Safari/537.36"
::1 - - [13/Feb/2021:18:35:05 +0000] "POST /graphql/ HTTP/1.1" 200 345 "http://localhost:4200/" "Mozilla/5.0 (Windows NT 6.1) AppleWebKit/537.36 (KHTML, like Gecko) Chrome/88.0.4324.150 Safari/537.36"
::1 - - [13/Feb/2021:18:36:10 +0000] "POST /graphql/ HTTP/1.1" 200 345 "http://localhost:4200/" "Mozilla/5.0 (Windows NT 6.1) AppleWebKit/537.36 (KHTML, like Gecko) Chrome/88.0.4324.150 Safari/537.36"
::1 - - [13/Feb/2021:18:36:36 +0000] "POST /graphql/ HTTP/1.1" 200 345 "http://localhost:4200/" "Mozilla/5.0 (Windows NT 6.1) AppleWebKit/537.36 (KHTML, like Gecko) Chrome/88.0.4324.150 Safari/537.36"
::1 - - [13/Feb/2021:18:36:48 +0000] "POST /graphql/ HTTP/1.1" 200 345 "http://localhost:4200/" "Mozilla/5.0 (Windows NT 6.1) AppleWebKit/537.36 (KHTML, like Gecko) Chrome/88.0.4324.150 Safari/537.36"
::1 - - [13/Feb/2021:18:38:23 +0000] "POST /graphql/ HTTP/1.1" 200 345 "http://localhost:4200/" "Mozilla/5.0 (Windows NT 6.1) AppleWebKit/537.36 (KHTML, like Gecko) Chrome/88.0.4324.150 Safari/537.36"
::1 - - [13/Feb/2021:18:38:51 +0000] "POST /graphql/ HTTP/1.1" 200 345 "http://localhost:4200/" "Mozilla/5.0 (Windows NT 6.1) AppleWebKit/537.36 (KHTML, like Gecko) Chrome/88.0.4324.150 Safari/537.36"
::1 - - [13/Feb/2021:18:38:55 +0000] "POST /graphql/ HTTP/1.1" 200 333 "http://localhost:4200/" "Mozilla/5.0 (Windows NT 6.1) AppleWebKit/537.36 (KHTML, like Gecko) Chrome/88.0.4324.150 Safari/537.36"
::1 - - [13/Feb/2021:18:38:57 +0000] "POST /graphql/ HTTP/1.1" 200 34 "http://localhost:4200/" "Mozilla/5.0 (Windows NT 6.1) AppleWebKit/537.36 (KHTML, like Gecko) Chrome/88.0.4324.150 Safari/537.36"
::1 - - [13/Feb/2021:18:39:02 +0000] "POST /graphql/ HTTP/1.1" 200 34 "http://localhost:4200/" "Mozilla/5.0 (Windows NT 6.1) AppleWebKit/537.36 (KHTML, like Gecko) Chrome/88.0.4324.150 Safari/537.36"
::1 - - [13/Feb/2021:18:39:56 +0000] "POST /graphql/ HTTP/1.1" 200 345 "http://localhost:4200/" "Mozilla/5.0 (Windows NT 6.1) AppleWebKit/537.36 (KHTML, like Gecko) Chrome/88.0.4324.150 Safari/537.36"
::1 - - [13/Feb/2021:18:39:59 +0000] "POST /graphql/ HTTP/1.1" 200 34 "http://localhost:4200/" "Mozilla/5.0 (Windows NT 6.1) AppleWebKit/537.36 (KHTML, like Gecko) Chrome/88.0.4324.150 Safari/537.36"
::1 - - [13/Feb/2021:18:40:08 +0000] "POST /graphql/ HTTP/1.1" 200 333 "http://localhost:4200/" "Mozilla/5.0 (Windows NT 6.1) AppleWebKit/537.36 (KHTML, like Gecko) Chrome/88.0.4324.150 Safari/537.36"
::1 - - [13/Feb/2021:18:40:27 +0000] "POST /graphql/ HTTP/1.1" 200 345 "http://localhost:4200/" "Mozilla/5.0 (Windows NT 6.1) AppleWebKit/537.36 (KHTML, like Gecko) Chrome/88.0.4324.150 Safari/537.36"
::1 - - [13/Feb/2021:18:40:29 +0000] "POST /graphql/ HTTP/1.1" 200 333 "http://localhost:4200/" "Mozilla/5.0 (Windows NT 6.1) AppleWebKit/537.36 (KHTML, like Gecko) Chrome/88.0.4324.150 Safari/537.36"
::1 - - [13/Feb/2021:18:40:31 +0000] "POST /graphql/ HTTP/1.1" 200 34 "http://localhost:4200/" "Mozilla/5.0 (Windows NT 6.1) AppleWebKit/537.36 (KHTML, like Gecko) Chrome/88.0.4324.150 Safari/537.36"
::1 - - [13/Feb/2021:18:40:43 +0000] "POST /graphql/ HTTP/1.1" 200 345 "http://localhost:4200/" "Mozilla/5.0 (Windows NT 6.1) AppleWebKit/537.36 (KHTML, like Gecko) Chrome/88.0.4324.150 Safari/537.36"
::1 - - [13/Feb/2021:18:40:45 +0000] "POST /graphql/ HTTP/1.1" 200 34 "http://localhost:4200/" "Mozilla/5.0 (Windows NT 6.1) AppleWebKit/537.36 (KHTML, like Gecko) Chrome/88.0.4324.150 Safari/537.36"
::1 - - [13/Feb/2021:18:40:48 +0000] "POST /graphql/ HTTP/1.1" 200 34 "http://localhost:4200/" "Mozilla/5.0 (Windows NT 6.1) AppleWebKit/537.36 (KHTML, like Gecko) Chrome/88.0.4324.150 Safari/537.36"
::1 - - [13/Feb/2021:18:41:19 +0000] "POST /graphql/ HTTP/1.1" 200 345 "http://localhost:4200/" "Mozilla/5.0 (Windows NT 6.1) AppleWebKit/537.36 (KHTML, like Gecko) Chrome/88.0.4324.150 Safari/537.36"
::1 - - [13/Feb/2021:18:41:21 +0000] "POST /graphql/ HTTP/1.1" 200 333 "http://localhost:4200/" "Mozilla/5.0 (Windows NT 6.1) AppleWebKit/537.36 (KHTML, like Gecko) Chrome/88.0.4324.150 Safari/537.36"
::1 - - [13/Feb/2021:18:51:51 +0000] "POST /graphql/ HTTP/1.1" 200 345 "http://localhost:4200/" "Mozilla/5.0 (Windows NT 6.1) AppleWebKit/537.36 (KHTML, like Gecko) Chrome/88.0.4324.150 Safari/537.36"
::1 - - [13/Feb/2021:18:52:34 +0000] "POST /graphql/ HTTP/1.1" 200 345 "http://localhost:4200/" "Mozilla/5.0 (Windows NT 6.1) AppleWebKit/537.36 (KHTML, like Gecko) Chrome/88.0.4324.150 Safari/537.36"
::1 - - [13/Feb/2021:18:54:16 +0000] "POST /graphql/ HTTP/1.1" 200 345 "http://localhost:4200/" "Mozilla/5.0 (Windows NT 6.1) AppleWebKit/537.36 (KHTML, like Gecko) Chrome/88.0.4324.150 Safari/537.36"
::1 - - [13/Feb/2021:18:54:19 +0000] "POST /graphql/ HTTP/1.1" 200 333 "http://localhost:4200/" "Mozilla/5.0 (Windows NT 6.1) AppleWebKit/537.36 (KHTML, like Gecko) Chrome/88.0.4324.150 Safari/537.36"
::1 - - [13/Feb/2021:18:54:45 +0000] "POST /graphql/ HTTP/1.1" 200 345 "http://localhost:4200/" "Mozilla/5.0 (Windows NT 6.1) AppleWebKit/537.36 (KHTML, like Gecko) Chrome/88.0.4324.150 Safari/537.36"
::1 - - [13/Feb/2021:18:54:55 +0000] "POST /graphql/ HTTP/1.1" 200 345 "http://localhost:4200/" "Mozilla/5.0 (Windows NT 6.1) AppleWebKit/537.36 (KHTML, like Gecko) Chrome/88.0.4324.150 Safari/537.36"
::1 - - [13/Feb/2021:18:54:56 +0000] "POST /graphql/ HTTP/1.1" 200 333 "http://localhost:4200/" "Mozilla/5.0 (Windows NT 6.1) AppleWebKit/537.36 (KHTML, like Gecko) Chrome/88.0.4324.150 Safari/537.36"
::1 - - [13/Feb/2021:18:55:32 +0000] "POST /graphql/ HTTP/1.1" 200 345 "http://localhost:4200/" "Mozilla/5.0 (Windows NT 6.1) AppleWebKit/537.36 (KHTML, like Gecko) Chrome/88.0.4324.150 Safari/537.36"
::1 - - [13/Feb/2021:18:55:35 +0000] "POST /graphql/ HTTP/1.1" 200 34 "http://localhost:4200/" "Mozilla/5.0 (Windows NT 6.1) AppleWebKit/537.36 (KHTML, like Gecko) Chrome/88.0.4324.150 Safari/537.36"
::1 - - [13/Feb/2021:18:55:39 +0000] "POST /graphql/ HTTP/1.1" 200 34 "http://localhost:4200/" "Mozilla/5.0 (Windows NT 6.1) AppleWebKit/537.36 (KHTML, like Gecko) Chrome/88.0.4324.150 Safari/537.36"
::1 - - [13/Feb/2021:18:55:41 +0000] "POST /graphql/ HTTP/1.1" 200 333 "http://localhost:4200/" "Mozilla/5.0 (Windows NT 6.1) AppleWebKit/537.36 (KHTML, like Gecko) Chrome/88.0.4324.150 Safari/537.36"
::1 - - [13/Feb/2021:18:56:32 +0000] "POST /graphql/ HTTP/1.1" 200 345 "http://localhost:4200/" "Mozilla/5.0 (Windows NT 6.1) AppleWebKit/537.36 (KHTML, like Gecko) Chrome/88.0.4324.150 Safari/537.36"
::1 - - [13/Feb/2021:18:57:40 +0000] "POST /graphql/ HTTP/1.1" 200 345 "http://localhost:4200/" "Mozilla/5.0 (Windows NT 6.1) AppleWebKit/537.36 (KHTML, like Gecko) Chrome/88.0.4324.150 Safari/537.36"
::1 - - [13/Feb/2021:19:00:17 +0000] "POST /graphql/ HTTP/1.1" 200 345 "http://localhost:4200/" "Mozilla/5.0 (Windows NT 6.1) AppleWebKit/537.36 (KHTML, like Gecko) Chrome/88.0.4324.150 Safari/537.36"
::1 - - [13/Feb/2021:19:00:19 +0000] "POST /graphql/ HTTP/1.1" 200 34 "http://localhost:4200/" "Mozilla/5.0 (Windows NT 6.1) AppleWebKit/537.36 (KHTML, like Gecko) Chrome/88.0.4324.150 Safari/537.36"
::1 - - [13/Feb/2021:19:00:24 +0000] "POST /graphql/ HTTP/1.1" 200 34 "http://localhost:4200/" "Mozilla/5.0 (Windows NT 6.1) AppleWebKit/537.36 (KHTML, like Gecko) Chrome/88.0.4324.150 Safari/537.36"
::1 - - [13/Feb/2021:19:00:26 +0000] "POST /graphql/ HTTP/1.1" 200 333 "http://localhost:4200/" "Mozilla/5.0 (Windows NT 6.1) AppleWebKit/537.36 (KHTML, like Gecko) Chrome/88.0.4324.150 Safari/537.36"
::1 - - [13/Feb/2021:19:00:55 +0000] "POST /graphql/ HTTP/1.1" 200 345 "http://localhost:4200/" "Mozilla/5.0 (Windows NT 6.1) AppleWebKit/537.36 (KHTML, like Gecko) Chrome/88.0.4324.150 Safari/537.36"
::1 - - [13/Feb/2021:19:00:58 +0000] "POST /graphql/ HTTP/1.1" 200 333 "http://localhost:4200/" "Mozilla/5.0 (Windows NT 6.1) AppleWebKit/537.36 (KHTML, like Gecko) Chrome/88.0.4324.150 Safari/537.36"
::1 - - [13/Feb/2021:19:01:20 +0000] "POST /graphql/ HTTP/1.1" 200 345 "http://localhost:4200/" "Mozilla/5.0 (Windows NT 6.1) AppleWebKit/537.36 (KHTML, like Gecko) Chrome/88.0.4324.150 Safari/537.36"
::1 - - [13/Feb/2021:19:02:04 +0000] "POST /graphql/ HTTP/1.1" 200 345 "http://localhost:4200/" "Mozilla/5.0 (Windows NT 6.1) AppleWebKit/537.36 (KHTML, like Gecko) Chrome/88.0.4324.150 Safari/537.36"
::1 - - [13/Feb/2021:19:02:05 +0000] "POST /graphql/ HTTP/1.1" 200 333 "http://localhost:4200/" "Mozilla/5.0 (Windows NT 6.1) AppleWebKit/537.36 (KHTML, like Gecko) Chrome/88.0.4324.150 Safari/537.36"
::1 - - [13/Feb/2021:19:02:31 +0000] "POST /graphql/ HTTP/1.1" 200 345 "http://localhost:4200/" "Mozilla/5.0 (Windows NT 6.1) AppleWebKit/537.36 (KHTML, like Gecko) Chrome/88.0.4324.150 Safari/537.36"
::1 - - [13/Feb/2021:19:02:33 +0000] "POST /graphql/ HTTP/1.1" 200 333 "http://localhost:4200/" "Mozilla/5.0 (Windows NT 6.1) AppleWebKit/537.36 (KHTML, like Gecko) Chrome/88.0.4324.150 Safari/537.36"
::1 - - [13/Feb/2021:19:04:23 +0000] "POST /graphql/ HTTP/1.1" 200 345 "http://localhost:4200/" "Mozilla/5.0 (Windows NT 6.1) AppleWebKit/537.36 (KHTML, like Gecko) Chrome/88.0.4324.150 Safari/537.36"
::1 - - [13/Feb/2021:19:04:29 +0000] "POST /graphql/ HTTP/1.1" 200 34 "http://localhost:4200/" "Mozilla/5.0 (Windows NT 6.1) AppleWebKit/537.36 (KHTML, like Gecko) Chrome/88.0.4324.150 Safari/537.36"
::1 - - [13/Feb/2021:19:04:31 +0000] "POST /graphql/ HTTP/1.1" 200 333 "http://localhost:4200/" "Mozilla/5.0 (Windows NT 6.1) AppleWebKit/537.36 (KHTML, like Gecko) Chrome/88.0.4324.150 Safari/537.36"
::1 - - [13/Feb/2021:19:06:11 +0000] "POST /graphql/ HTTP/1.1" 200 345 "http://localhost:4200/" "Mozilla/5.0 (Windows NT 6.1) AppleWebKit/537.36 (KHTML, like Gecko) Chrome/88.0.4324.150 Safari/537.36"
::1 - - [13/Feb/2021:19:10:09 +0000] "POST /graphql/ HTTP/1.1" 200 345 "http://localhost:4200/" "Mozilla/5.0 (Windows NT 6.1) AppleWebKit/537.36 (KHTML, like Gecko) Chrome/88.0.4324.150 Safari/537.36"
::1 - - [13/Feb/2021:19:10:27 +0000] "POST /graphql/ HTTP/1.1" 200 333 "http://localhost:4200/" "Mozilla/5.0 (Windows NT 6.1) AppleWebKit/537.36 (KHTML, like Gecko) Chrome/88.0.4324.150 Safari/537.36"
::1 - - [13/Feb/2021:19:10:59 +0000] "POST /graphql/ HTTP/1.1" 200 345 "http://localhost:4200/" "Mozilla/5.0 (Windows NT 6.1) AppleWebKit/537.36 (KHTML, like Gecko) Chrome/88.0.4324.150 Safari/537.36"
::1 - - [13/Feb/2021:19:11:01 +0000] "POST /graphql/ HTTP/1.1" 200 333 "http://localhost:4200/" "Mozilla/5.0 (Windows NT 6.1) AppleWebKit/537.36 (KHTML, like Gecko) Chrome/88.0.4324.150 Safari/537.36"
::1 - - [13/Feb/2021:19:13:40 +0000] "POST /graphql/ HTTP/1.1" 200 345 "http://localhost:4200/" "Mozilla/5.0 (Windows NT 6.1) AppleWebKit/537.36 (KHTML, like Gecko) Chrome/88.0.4324.150 Safari/537.36"
::1 - - [13/Feb/2021:19:32:01 +0000] "POST /graphql/ HTTP/1.1" 200 345 "http://localhost:4200/" "Mozilla/5.0 (Windows NT 6.1) AppleWebKit/537.36 (KHTML, like Gecko) Chrome/88.0.4324.150 Safari/537.36"
::1 - - [13/Feb/2021:19:32:23 +0000] "POST /graphql/ HTTP/1.1" 200 345 "http://localhost:4200/" "Mozilla/5.0 (Windows NT 6.1) AppleWebKit/537.36 (KHTML, like Gecko) Chrome/88.0.4324.150 Safari/537.36"
::1 - - [13/Feb/2021:19:32:26 +0000] "POST /graphql/ HTTP/1.1" 200 333 "http://localhost:4200/" "Mozilla/5.0 (Windows NT 6.1) AppleWebKit/537.36 (KHTML, like Gecko) Chrome/88.0.4324.150 Safari/537.36"
::1 - - [13/Feb/2021:19:32:55 +0000] "POST /graphql/ HTTP/1.1" 200 345 "http://localhost:4200/" "Mozilla/5.0 (Windows NT 6.1) AppleWebKit/537.36 (KHTML, like Gecko) Chrome/88.0.4324.150 Safari/537.36"
::1 - - [13/Feb/2021:19:32:59 +0000] "POST /graphql/ HTTP/1.1" 200 333 "http://localhost:4200/" "Mozilla/5.0 (Windows NT 6.1) AppleWebKit/537.36 (KHTML, like Gecko) Chrome/88.0.4324.150 Safari/537.36"
::1 - - [13/Feb/2021:19:33:42 +0000] "POST /graphql/ HTTP/1.1" 200 345 "http://localhost:4200/" "Mozilla/5.0 (Windows NT 6.1) AppleWebKit/537.36 (KHTML, like Gecko) Chrome/88.0.4324.150 Safari/537.36"
::1 - - [13/Feb/2021:19:34:00 +0000] "POST /graphql/ HTTP/1.1" 200 345 "http://localhost:4200/" "Mozilla/5.0 (Windows NT 6.1) AppleWebKit/537.36 (KHTML, like Gecko) Chrome/88.0.4324.150 Safari/537.36"
::1 - - [13/Feb/2021:19:34:03 +0000] "POST /graphql/ HTTP/1.1" 200 333 "http://localhost:4200/" "Mozilla/5.0 (Windows NT 6.1) AppleWebKit/537.36 (KHTML, like Gecko) Chrome/88.0.4324.150 Safari/537.36"
::1 - - [13/Feb/2021:19:34:21 +0000] "POST /graphql/ HTTP/1.1" 200 345 "http://localhost:4200/" "Mozilla/5.0 (Windows NT 6.1) AppleWebKit/537.36 (KHTML, like Gecko) Chrome/88.0.4324.150 Safari/537.36"
::1 - - [13/Feb/2021:19:34:23 +0000] "POST /graphql/ HTTP/1.1" 200 333 "http://localhost:4200/" "Mozilla/5.0 (Windows NT 6.1) AppleWebKit/537.36 (KHTML, like Gecko) Chrome/88.0.4324.150 Safari/537.36"
::1 - - [13/Feb/2021:19:37:45 +0000] "POST /graphql/ HTTP/1.1" 200 345 "http://localhost:4200/" "Mozilla/5.0 (Windows NT 6.1) AppleWebKit/537.36 (KHTML, like Gecko) Chrome/88.0.4324.150 Safari/537.36"
::1 - - [13/Feb/2021:19:38:25 +0000] "POST /graphql/ HTTP/1.1" 200 345 "http://localhost:4200/" "Mozilla/5.0 (Windows NT 6.1) AppleWebKit/537.36 (KHTML, like Gecko) Chrome/88.0.4324.150 Safari/537.36"
::1 - - [13/Feb/2021:19:38:39 +0000] "POST /graphql/ HTTP/1.1" 200 345 "http://localhost:4200/" "Mozilla/5.0 (Windows NT 6.1) AppleWebKit/537.36 (KHTML, like Gecko) Chrome/88.0.4324.150 Safari/537.36"
::1 - - [13/Feb/2021:19:38:44 +0000] "POST /graphql/ HTTP/1.1" 200 333 "http://localhost:4200/" "Mozilla/5.0 (Windows NT 6.1) AppleWebKit/537.36 (KHTML, like Gecko) Chrome/88.0.4324.150 Safari/537.36"
::1 - - [13/Feb/2021:19:48:47 +0000] "POST /graphql/ HTTP/1.1" 200 345 "http://localhost:4200/" "Mozilla/5.0 (Windows NT 6.1) AppleWebKit/537.36 (KHTML, like Gecko) Chrome/88.0.4324.150 Safari/537.36"
::1 - - [13/Feb/2021:19:48:52 +0000] "POST /graphql/ HTTP/1.1" 200 333 "http://localhost:4200/" "Mozilla/5.0 (Windows NT 6.1) AppleWebKit/537.36 (KHTML, like Gecko) Chrome/88.0.4324.150 Safari/537.36"
::1 - - [13/Feb/2021:19:49:04 +0000] "POST /graphql/ HTTP/1.1" 200 345 "http://localhost:4200/" "Mozilla/5.0 (Windows NT 6.1) AppleWebKit/537.36 (KHTML, like Gecko) Chrome/88.0.4324.150 Safari/537.36"
::1 - - [13/Feb/2021:19:49:49 +0000] "POST /graphql/ HTTP/1.1" 200 345 "http://localhost:4200/" "Mozilla/5.0 (Windows NT 6.1) AppleWebKit/537.36 (KHTML, like Gecko) Chrome/88.0.4324.150 Safari/537.36"
::1 - - [13/Feb/2021:19:49:54 +0000] "POST /graphql/ HTTP/1.1" 200 333 "http://localhost:4200/" "Mozilla/5.0 (Windows NT 6.1) AppleWebKit/537.36 (KHTML, like Gecko) Chrome/88.0.4324.150 Safari/537.36"
::1 - - [13/Feb/2021:20:08:05 +0000] "GET /graphql/ HTTP/1.1" 200 927959 "-" "Mozilla/5.0 (Windows NT 6.1) AppleWebKit/537.36 (KHTML, like Gecko) Chrome/88.0.4324.150 Safari/537.36"
::1 - - [13/Feb/2021:20:08:07 +0000] "POST /graphql/? HTTP/1.1" 200 28060 "http://localhost:3000/" "Mozilla/5.0 (Windows NT 6.1) AppleWebKit/537.36 (KHTML, like Gecko) Chrome/88.0.4324.150 Safari/537.36"
::1 - - [13/Feb/2021:20:10:06 +0000] "POST /graphql/? HTTP/1.1" 200 283 "http://localhost:3000/" "Mozilla/5.0 (Windows NT 6.1) AppleWebKit/537.36 (KHTML, like Gecko) Chrome/88.0.4324.150 Safari/537.36"
::1 - - [13/Feb/2021:20:11:10 +0000] "POST /graphql/? HTTP/1.1" 400 472 "http://localhost:3000/" "Mozilla/5.0 (Windows NT 6.1) AppleWebKit/537.36 (KHTML, like Gecko) Chrome/88.0.4324.150 Safari/537.36"
::1 - - [13/Feb/2021:20:11:28 +0000] "POST /graphql/? HTTP/1.1" 400 181 "http://localhost:3000/" "Mozilla/5.0 (Windows NT 6.1) AppleWebKit/537.36 (KHTML, like Gecko) Chrome/88.0.4324.150 Safari/537.36"
::1 - - [13/Feb/2021:20:11:30 +0000] "POST /graphql/? HTTP/1.1" 400 181 "http://localhost:3000/" "Mozilla/5.0 (Windows NT 6.1) AppleWebKit/537.36 (KHTML, like Gecko) Chrome/88.0.4324.150 Safari/537.36"
::1 - - [13/Feb/2021:20:11:49 +0000] "POST /graphql/? HTTP/1.1" 200 35 "http://localhost:3000/" "Mozilla/5.0 (Windows NT 6.1) AppleWebKit/537.36 (KHTML, like Gecko) Chrome/88.0.4324.150 Safari/537.36"
::1 - - [13/Feb/2021:20:18:54 +0000] "POST /graphql/? HTTP/1.1" 200 183 "http://localhost:3000/" "Mozilla/5.0 (Windows NT 6.1) AppleWebKit/537.36 (KHTML, like Gecko) Chrome/88.0.4324.150 Safari/537.36"
::1 - - [13/Feb/2021:20:32:13 +0000] "POST /graphql/ HTTP/1.1" 200 230 "http://localhost:4200/" "Mozilla/5.0 (Windows NT 6.1) AppleWebKit/537.36 (KHTML, like Gecko) Chrome/88.0.4324.150 Safari/537.36"
::1 - - [13/Feb/2021:20:35:05 +0000] "POST /graphql/ HTTP/1.1" 200 230 "http://localhost:4200/" "Mozilla/5.0 (Windows NT 6.1) AppleWebKit/537.36 (KHTML, like Gecko) Chrome/88.0.4324.150 Safari/537.36"
::1 - - [13/Feb/2021:20:36:03 +0000] "POST /graphql/ HTTP/1.1" 200 230 "http://localhost:4200/" "Mozilla/5.0 (Windows NT 6.1) AppleWebKit/537.36 (KHTML, like Gecko) Chrome/88.0.4324.150 Safari/537.36"
::1 - - [13/Feb/2021:20:36:58 +0000] "POST /graphql/ HTTP/1.1" 200 230 "http://localhost:4200/" "Mozilla/5.0 (Windows NT 6.1) AppleWebKit/537.36 (KHTML, like Gecko) Chrome/88.0.4324.150 Safari/537.36"
::1 - - [13/Feb/2021:20:37:32 +0000] "POST /graphql/ HTTP/1.1" 200 230 "http://localhost:4200/" "Mozilla/5.0 (Windows NT 6.1) AppleWebKit/537.36 (KHTML, like Gecko) Chrome/88.0.4324.150 Safari/537.36"
::1 - - [13/Feb/2021:20:39:33 +0000] "POST /graphql/ HTTP/1.1" 200 230 "http://localhost:4200/" "Mozilla/5.0 (Windows NT 6.1) AppleWebKit/537.36 (KHTML, like Gecko) Chrome/88.0.4324.150 Safari/537.36"
::1 - - [13/Feb/2021:20:40:47 +0000] "POST /graphql/ HTTP/1.1" 200 230 "http://localhost:4200/" "Mozilla/5.0 (Windows NT 6.1) AppleWebKit/537.36 (KHTML, like Gecko) Chrome/88.0.4324.150 Safari/537.36"
::1 - - [13/Feb/2021:20:40:56 +0000] "POST /graphql/ HTTP/1.1" 200 230 "http://localhost:4200/" "Mozilla/5.0 (Windows NT 6.1) AppleWebKit/537.36 (KHTML, like Gecko) Chrome/88.0.4324.150 Safari/537.36"
::1 - - [13/Feb/2021:20:44:06 +0000] "POST /graphql/ HTTP/1.1" 200 230 "http://localhost:4200/" "Mozilla/5.0 (Windows NT 6.1) AppleWebKit/537.36 (KHTML, like Gecko) Chrome/88.0.4324.150 Safari/537.36"
::1 - - [13/Feb/2021:20:44:27 +0000] "POST /graphql/ HTTP/1.1" 200 230 "http://localhost:4200/" "Mozilla/5.0 (Windows NT 6.1) AppleWebKit/537.36 (KHTML, like Gecko) Chrome/88.0.4324.150 Safari/537.36"
::1 - - [13/Feb/2021:20:45:59 +0000] "POST /graphql/ HTTP/1.1" 200 230 "http://localhost:4200/" "Mozilla/5.0 (Windows NT 6.1) AppleWebKit/537.36 (KHTML, like Gecko) Chrome/88.0.4324.150 Safari/537.36"
::1 - - [13/Feb/2021:20:46:30 +0000] "POST /graphql/ HTTP/1.1" 200 230 "http://localhost:4200/" "Mozilla/5.0 (Windows NT 6.1) AppleWebKit/537.36 (KHTML, like Gecko) Chrome/88.0.4324.150 Safari/537.36"
::1 - - [13/Feb/2021:20:47:34 +0000] "POST /graphql/ HTTP/1.1" 200 230 "http://localhost:4200/" "Mozilla/5.0 (Windows NT 6.1) AppleWebKit/537.36 (KHTML, like Gecko) Chrome/88.0.4324.150 Safari/537.36"
::1 - - [13/Feb/2021:20:47:38 +0000] "POST /graphql/ HTTP/1.1" 200 230 "http://localhost:4200/" "Mozilla/5.0 (Windows NT 6.1) AppleWebKit/537.36 (KHTML, like Gecko) Chrome/88.0.4324.150 Safari/537.36"
::1 - - [13/Feb/2021:20:48:27 +0000] "POST /graphql/ HTTP/1.1" 200 230 "http://localhost:4200/" "Mozilla/5.0 (Windows NT 6.1) AppleWebKit/537.36 (KHTML, like Gecko) Chrome/88.0.4324.150 Safari/537.36"
::1 - - [13/Feb/2021:20:49:28 +0000] "POST /graphql/ HTTP/1.1" 200 230 "http://localhost:4200/" "Mozilla/5.0 (Windows NT 6.1) AppleWebKit/537.36 (KHTML, like Gecko) Chrome/88.0.4324.150 Safari/537.36"
::1 - - [13/Feb/2021:20:49:53 +0000] "POST /graphql/ HTTP/1.1" 200 230 "http://localhost:4200/" "Mozilla/5.0 (Windows NT 6.1) AppleWebKit/537.36 (KHTML, like Gecko) Chrome/88.0.4324.150 Safari/537.36"
::1 - - [14/Feb/2021:04:55:43 +0000] "POST /graphql/ HTTP/1.1" 200 230 "http://localhost:4200/" "Mozilla/5.0 (Windows NT 6.1) AppleWebKit/537.36 (KHTML, like Gecko) Chrome/88.0.4324.150 Safari/537.36"
::1 - - [14/Feb/2021:05:04:33 +0000] "POST /graphql/ HTTP/1.1" 200 230 "http://localhost:4200/" "Mozilla/5.0 (Windows NT 6.1) AppleWebKit/537.36 (KHTML, like Gecko) Chrome/88.0.4324.150 Safari/537.36"
::1 - - [14/Feb/2021:05:42:59 +0000] "POST /graphql/ HTTP/1.1" 200 230 "http://localhost:4200/" "Mozilla/5.0 (Windows NT 6.1) AppleWebKit/537.36 (KHTML, like Gecko) Chrome/88.0.4324.150 Safari/537.36"
::1 - - [14/Feb/2021:06:37:46 +0000] "POST /graphql/ HTTP/1.1" 200 230 "http://localhost:4200/" "Mozilla/5.0 (Windows NT 6.1) AppleWebKit/537.36 (KHTML, like Gecko) Chrome/88.0.4324.150 Safari/537.36"
::1 - - [14/Feb/2021:06:39:34 +0000] "POST /graphql/ HTTP/1.1" 200 230 "http://localhost:4200/" "Mozilla/5.0 (Windows NT 6.1) AppleWebKit/537.36 (KHTML, like Gecko) Chrome/88.0.4324.150 Safari/537.36"
::1 - - [14/Feb/2021:06:40:40 +0000] "POST /graphql/ HTTP/1.1" 200 230 "http://localhost:4200/" "Mozilla/5.0 (Windows NT 6.1) AppleWebKit/537.36 (KHTML, like Gecko) Chrome/88.0.4324.150 Safari/537.36"
::1 - - [14/Feb/2021:06:40:47 +0000] "POST /graphql/ HTTP/1.1" 200 230 "http://localhost:4200/" "Mozilla/5.0 (Windows NT 6.1) AppleWebKit/537.36 (KHTML, like Gecko) Chrome/88.0.4324.150 Safari/537.36"
::1 - - [14/Feb/2021:06:41:14 +0000] "POST /graphql/ HTTP/1.1" 200 230 "http://localhost:4200/" "Mozilla/5.0 (Windows NT 6.1) AppleWebKit/537.36 (KHTML, like Gecko) Chrome/88.0.4324.150 Safari/537.36"
::1 - - [14/Feb/2021:06:41:45 +0000] "POST /graphql/ HTTP/1.1" 200 230 "http://localhost:4200/" "Mozilla/5.0 (Windows NT 6.1) AppleWebKit/537.36 (KHTML, like Gecko) Chrome/88.0.4324.150 Safari/537.36"
::1 - - [14/Feb/2021:06:42:30 +0000] "POST /graphql/ HTTP/1.1" 200 230 "http://localhost:4200/" "Mozilla/5.0 (Windows NT 6.1) AppleWebKit/537.36 (KHTML, like Gecko) Chrome/88.0.4324.150 Safari/537.36"
::1 - - [14/Feb/2021:06:43:00 +0000] "POST /graphql/ HTTP/1.1" 200 230 "http://localhost:4200/" "Mozilla/5.0 (Windows NT 6.1) AppleWebKit/537.36 (KHTML, like Gecko) Chrome/88.0.4324.150 Safari/537.36"
::1 - - [14/Feb/2021:06:44:46 +0000] "POST /graphql/ HTTP/1.1" 200 230 "http://localhost:4200/" "Mozilla/5.0 (Windows NT 6.1) AppleWebKit/537.36 (KHTML, like Gecko) Chrome/88.0.4324.150 Safari/537.36"
::1 - - [14/Feb/2021:06:47:48 +0000] "POST /graphql/ HTTP/1.1" 200 230 "http://localhost:4200/" "Mozilla/5.0 (Windows NT 6.1) AppleWebKit/537.36 (KHTML, like Gecko) Chrome/88.0.4324.150 Safari/537.36"
::1 - - [14/Feb/2021:06:48:39 +0000] "POST /graphql/ HTTP/1.1" 200 230 "http://localhost:4200/" "Mozilla/5.0 (Windows NT 6.1) AppleWebKit/537.36 (KHTML, like Gecko) Chrome/88.0.4324.150 Safari/537.36"
::1 - - [14/Feb/2021:06:49:21 +0000] "POST /graphql/ HTTP/1.1" 200 230 "http://localhost:4200/" "Mozilla/5.0 (Windows NT 6.1) AppleWebKit/537.36 (KHTML, like Gecko) Chrome/88.0.4324.150 Safari/537.36"
::1 - - [14/Feb/2021:06:55:06 +0000] "GET / HTTP/1.1" 200 170 "-" "Mozilla/5.0 (Windows NT 6.1) AppleWebKit/537.36 (KHTML, like Gecko) Chrome/79.0.3945.0 Safari/537.36"
::1 - - [14/Feb/2021:06:55:06 +0000] "GET /stylesheets/style.css HTTP/1.1" 200 111 "http://localhost:3000/" "Mozilla/5.0 (Windows NT 6.1) AppleWebKit/537.36 (KHTML, like Gecko) Chrome/79.0.3945.0 Safari/537.36"
::1 - - [14/Feb/2021:06:55:07 +0000] "GET /favicon.ico HTTP/1.1" 404 2273 "http://localhost:3000/" "Mozilla/5.0 (Windows NT 6.1) AppleWebKit/537.36 (KHTML, like Gecko) Chrome/79.0.3945.0 Safari/537.36"
::1 - - [14/Feb/2021:06:55:17 +0000] "POST /graphql/ HTTP/1.1" 200 345 "http://localhost:4200/" "Mozilla/5.0 (Windows NT 6.1) AppleWebKit/537.36 (KHTML, like Gecko) Chrome/79.0.3945.0 Safari/537.36"
::1 - - [14/Feb/2021:06:55:29 +0000] "POST /graphql/ HTTP/1.1" 200 333 "http://localhost:4200/" "Mozilla/5.0 (Windows NT 6.1) AppleWebKit/537.36 (KHTML, like Gecko) Chrome/79.0.3945.0 Safari/537.36"
::1 - - [14/Feb/2021:06:55:35 +0000] "POST /graphql/ HTTP/1.1" 200 230 "http://localhost:4200/productList/601edf10e558860c7063d8ab/601ef04168f7fd1a30371423" "Mozilla/5.0 (Windows NT 6.1) AppleWebKit/537.36 (KHTML, like Gecko) Chrome/79.0.3945.0 Safari/537.36"
::1 - - [14/Feb/2021:06:57:50 +0000] "POST /graphql/ HTTP/1.1" 200 230 "http://localhost:4200/" "Mozilla/5.0 (Windows NT 6.1) AppleWebKit/537.36 (KHTML, like Gecko) Chrome/88.0.4324.150 Safari/537.36"
::1 - - [14/Feb/2021:06:59:22 +0000] "POST /graphql/ HTTP/1.1" 200 230 "http://localhost:4200/" "Mozilla/5.0 (Windows NT 6.1) AppleWebKit/537.36 (KHTML, like Gecko) Chrome/88.0.4324.150 Safari/537.36"
::1 - - [14/Feb/2021:07:01:01 +0000] "POST /graphql/ HTTP/1.1" 200 230 "http://localhost:4200/" "Mozilla/5.0 (Windows NT 6.1) AppleWebKit/537.36 (KHTML, like Gecko) Chrome/88.0.4324.150 Safari/537.36"
::1 - - [14/Feb/2021:07:01:35 +0000] "POST /graphql/ HTTP/1.1" 200 230 "http://localhost:4200/" "Mozilla/5.0 (Windows NT 6.1) AppleWebKit/537.36 (KHTML, like Gecko) Chrome/88.0.4324.150 Safari/537.36"
::1 - - [14/Feb/2021:07:01:45 +0000] "POST /graphql/ HTTP/1.1" 200 230 "http://localhost:4200/" "Mozilla/5.0 (Windows NT 6.1) AppleWebKit/537.36 (KHTML, like Gecko) Chrome/88.0.4324.150 Safari/537.36"
::1 - - [14/Feb/2021:07:03:43 +0000] "POST /graphql/ HTTP/1.1" 200 230 "http://localhost:4200/" "Mozilla/5.0 (Windows NT 6.1) AppleWebKit/537.36 (KHTML, like Gecko) Chrome/88.0.4324.150 Safari/537.36"
::1 - - [14/Feb/2021:07:05:53 +0000] "POST /graphql/ HTTP/1.1" 200 230 "http://localhost:4200/" "Mozilla/5.0 (Windows NT 6.1) AppleWebKit/537.36 (KHTML, like Gecko) Chrome/88.0.4324.150 Safari/537.36"
::1 - - [14/Feb/2021:07:08:22 +0000] "POST /graphql/ HTTP/1.1" 200 230 "http://localhost:4200/" "Mozilla/5.0 (Windows NT 6.1) AppleWebKit/537.36 (KHTML, like Gecko) Chrome/88.0.4324.150 Safari/537.36"
::1 - - [14/Feb/2021:07:09:05 +0000] "POST /graphql/ HTTP/1.1" 200 230 "http://localhost:4200/" "Mozilla/5.0 (Windows NT 6.1) AppleWebKit/537.36 (KHTML, like Gecko) Chrome/88.0.4324.150 Safari/537.36"
::1 - - [14/Feb/2021:07:19:07 +0000] "POST /graphql/ HTTP/1.1" 200 230 "http://localhost:4200/" "Mozilla/5.0 (Windows NT 6.1) AppleWebKit/537.36 (KHTML, like Gecko) Chrome/88.0.4324.150 Safari/537.36"
::1 - - [14/Feb/2021:07:20:14 +0000] "POST /graphql/ HTTP/1.1" 200 230 "http://localhost:4200/" "Mozilla/5.0 (Windows NT 6.1) AppleWebKit/537.36 (KHTML, like Gecko) Chrome/88.0.4324.150 Safari/537.36"
::1 - - [14/Feb/2021:07:25:14 +0000] "POST /graphql/ HTTP/1.1" 200 230 "http://localhost:4200/" "Mozilla/5.0 (Windows NT 6.1) AppleWebKit/537.36 (KHTML, like Gecko) Chrome/88.0.4324.150 Safari/537.36"
::1 - - [14/Feb/2021:07:27:47 +0000] "POST /graphql/ HTTP/1.1" 200 230 "http://localhost:4200/" "Mozilla/5.0 (Windows NT 6.1) AppleWebKit/537.36 (KHTML, like Gecko) Chrome/88.0.4324.150 Safari/537.36"
::1 - - [14/Feb/2021:07:29:07 +0000] "POST /graphql/ HTTP/1.1" 200 230 "http://localhost:4200/" "Mozilla/5.0 (Windows NT 6.1) AppleWebKit/537.36 (KHTML, like Gecko) Chrome/88.0.4324.150 Safari/537.36"
::1 - - [14/Feb/2021:07:30:19 +0000] "POST /graphql/ HTTP/1.1" 200 262 "http://localhost:4200/" "Mozilla/5.0 (Windows NT 6.1) AppleWebKit/537.36 (KHTML, like Gecko) Chrome/88.0.4324.150 Safari/537.36"
::1 - - [14/Feb/2021:07:42:45 +0000] "POST /graphql/ HTTP/1.1" 200 262 "http://localhost:4200/" "Mozilla/5.0 (Windows NT 6.1) AppleWebKit/537.36 (KHTML, like Gecko) Chrome/88.0.4324.150 Safari/537.36"
::1 - - [14/Feb/2021:07:44:41 +0000] "GET /graphql/ HTTP/1.1" 200 927959 "-" "Mozilla/5.0 (Windows NT 6.1) AppleWebKit/537.36 (KHTML, like Gecko) Chrome/88.0.4324.150 Safari/537.36"
::1 - - [14/Feb/2021:07:44:43 +0000] "POST /graphql/? HTTP/1.1" 200 29124 "http://localhost:3000/" "Mozilla/5.0 (Windows NT 6.1) AppleWebKit/537.36 (KHTML, like Gecko) Chrome/88.0.4324.150 Safari/537.36"
::1 - - [14/Feb/2021:07:44:47 +0000] "GET /favicon.ico HTTP/1.1" 404 2273 "http://localhost:3000/" "Mozilla/5.0 (Windows NT 6.1) AppleWebKit/537.36 (KHTML, like Gecko) Chrome/88.0.4324.150 Safari/537.36"
::1 - - [14/Feb/2021:07:47:37 +0000] "POST /graphql/? HTTP/1.1" 200 218 "http://localhost:3000/" "Mozilla/5.0 (Windows NT 6.1) AppleWebKit/537.36 (KHTML, like Gecko) Chrome/88.0.4324.150 Safari/537.36"
::1 - - [14/Feb/2021:07:47:50 +0000] "POST /graphql/? HTTP/1.1" 200 229 "http://localhost:3000/" "Mozilla/5.0 (Windows NT 6.1) AppleWebKit/537.36 (KHTML, like Gecko) Chrome/88.0.4324.150 Safari/537.36"
::1 - - [14/Feb/2021:07:48:58 +0000] "POST /graphql/? HTTP/1.1" 200 327 "http://localhost:3000/" "Mozilla/5.0 (Windows NT 6.1) AppleWebKit/537.36 (KHTML, like Gecko) Chrome/88.0.4324.150 Safari/537.36"
::1 - - [14/Feb/2021:08:32:50 +0000] "POST /graphql/ HTTP/1.1" 200 262 "http://localhost:4200/" "Mozilla/5.0 (Windows NT 6.1) AppleWebKit/537.36 (KHTML, like Gecko) Chrome/88.0.4324.150 Safari/537.36"
::1 - - [14/Feb/2021:08:33:05 +0000] "POST /graphql/ HTTP/1.1" 200 439 "http://localhost:4200/" "Mozilla/5.0 (Windows NT 6.1) AppleWebKit/537.36 (KHTML, like Gecko) Chrome/88.0.4324.150 Safari/537.36"
::1 - - [14/Feb/2021:08:33:49 +0000] "POST /graphql/ HTTP/1.1" 200 262 "http://localhost:4200/" "Mozilla/5.0 (Windows NT 6.1) AppleWebKit/537.36 (KHTML, like Gecko) Chrome/88.0.4324.150 Safari/537.36"
::1 - - [14/Feb/2021:08:47:19 +0000] "POST /graphql/ HTTP/1.1" 200 262 "http://localhost:4200/" "Mozilla/5.0 (Windows NT 6.1) AppleWebKit/537.36 (KHTML, like Gecko) Chrome/88.0.4324.150 Safari/537.36"
::1 - - [14/Feb/2021:10:12:53 +0000] "POST /graphql/ HTTP/1.1" 200 262 "http://localhost:4200/" "Mozilla/5.0 (Windows NT 6.1) AppleWebKit/537.36 (KHTML, like Gecko) Chrome/88.0.4324.150 Safari/537.36"
::1 - - [14/Feb/2021:10:19:06 +0000] "POST /graphql/ HTTP/1.1" 200 440 "http://localhost:4200/" "Mozilla/5.0 (Windows NT 6.1) AppleWebKit/537.36 (KHTML, like Gecko) Chrome/88.0.4324.150 Safari/537.36"
::1 - - [14/Feb/2021:10:23:12 +0000] "POST /graphql/ HTTP/1.1" 200 262 "http://localhost:4200/" "Mozilla/5.0 (Windows NT 6.1) AppleWebKit/537.36 (KHTML, like Gecko) Chrome/88.0.4324.150 Safari/537.36"
::1 - - [14/Feb/2021:10:26:05 +0000] "POST /graphql/ HTTP/1.1" 200 262 "http://localhost:4200/" "Mozilla/5.0 (Windows NT 6.1) AppleWebKit/537.36 (KHTML, like Gecko) Chrome/88.0.4324.150 Safari/537.36"
::1 - - [14/Feb/2021:10:27:17 +0000] "POST /graphql/ HTTP/1.1" 200 262 "http://localhost:4200/" "Mozilla/5.0 (Windows NT 6.1) AppleWebKit/537.36 (KHTML, like Gecko) Chrome/88.0.4324.150 Safari/537.36"
::1 - - [14/Feb/2021:10:28:24 +0000] "POST /graphql/ HTTP/1.1" 200 262 "http://localhost:4200/" "Mozilla/5.0 (Windows NT 6.1) AppleWebKit/537.36 (KHTML, like Gecko) Chrome/88.0.4324.150 Safari/537.36"
::1 - - [14/Feb/2021:10:28:33 +0000] "POST /graphql/ HTTP/1.1" 200 440 "http://localhost:4200/" "Mozilla/5.0 (Windows NT 6.1) AppleWebKit/537.36 (KHTML, like Gecko) Chrome/88.0.4324.150 Safari/537.36"
::1 - - [14/Feb/2021:10:45:23 +0000] "POST /graphql/ HTTP/1.1" 200 420 "http://localhost:4200/" "Mozilla/5.0 (Windows NT 6.1) AppleWebKit/537.36 (KHTML, like Gecko) Chrome/88.0.4324.150 Safari/537.36"
::1 - - [14/Feb/2021:10:46:10 +0000] "POST /graphql/ HTTP/1.1" 200 284 "http://localhost:4200/" "Mozilla/5.0 (Windows NT 6.1) AppleWebKit/537.36 (KHTML, like Gecko) Chrome/88.0.4324.150 Safari/537.36"
::1 - - [14/Feb/2021:10:46:17 +0000] "POST /graphql/ HTTP/1.1" 200 440 "http://localhost:4200/" "Mozilla/5.0 (Windows NT 6.1) AppleWebKit/537.36 (KHTML, like Gecko) Chrome/88.0.4324.150 Safari/537.36"
::1 - - [14/Feb/2021:10:49:07 +0000] "POST /graphql/ HTTP/1.1" 200 478 "http://localhost:4200/" "Mozilla/5.0 (Windows NT 6.1) AppleWebKit/537.36 (KHTML, like Gecko) Chrome/88.0.4324.150 Safari/537.36"
::1 - - [14/Feb/2021:10:52:59 +0000] "POST /graphql/? HTTP/1.1" 200 183 "http://localhost:3000/" "Mozilla/5.0 (Windows NT 6.1) AppleWebKit/537.36 (KHTML, like Gecko) Chrome/88.0.4324.150 Safari/537.36"
::1 - - [14/Feb/2021:10:53:58 +0000] "POST /graphql/? HTTP/1.1" 400 197 "http://localhost:3000/" "Mozilla/5.0 (Windows NT 6.1) AppleWebKit/537.36 (KHTML, like Gecko) Chrome/88.0.4324.150 Safari/537.36"
::1 - - [14/Feb/2021:10:54:08 +0000] "POST /graphql/? HTTP/1.1" 200 225 "http://localhost:3000/" "Mozilla/5.0 (Windows NT 6.1) AppleWebKit/537.36 (KHTML, like Gecko) Chrome/88.0.4324.150 Safari/537.36"
::1 - - [14/Feb/2021:10:59:46 +0000] "POST /graphql/ HTTP/1.1" 200 335 "http://localhost:4200/" "Mozilla/5.0 (Windows NT 6.1) AppleWebKit/537.36 (KHTML, like Gecko) Chrome/88.0.4324.150 Safari/537.36"
::1 - - [14/Feb/2021:11:22:55 +0000] "POST /graphql/? HTTP/1.1" 200 292 "http://localhost:3000/" "Mozilla/5.0 (Windows NT 6.1) AppleWebKit/537.36 (KHTML, like Gecko) Chrome/88.0.4324.150 Safari/537.36"
::1 - - [14/Feb/2021:11:28:11 +0000] "POST /graphql/ HTTP/1.1" 200 345 "http://localhost:4200/" "Mozilla/5.0 (Windows NT 6.1) AppleWebKit/537.36 (KHTML, like Gecko) Chrome/88.0.4324.150 Safari/537.36"
::1 - - [14/Feb/2021:11:28:25 +0000] "POST /graphql/ HTTP/1.1" 200 333 "http://localhost:4200/" "Mozilla/5.0 (Windows NT 6.1) AppleWebKit/537.36 (KHTML, like Gecko) Chrome/88.0.4324.150 Safari/537.36"
::1 - - [14/Feb/2021:11:29:21 +0000] "POST /graphql/ HTTP/1.1" 200 345 "http://localhost:4200/" "Mozilla/5.0 (Windows NT 6.1) AppleWebKit/537.36 (KHTML, like Gecko) Chrome/88.0.4324.150 Safari/537.36"
::1 - - [14/Feb/2021:11:29:22 +0000] "POST /graphql/ HTTP/1.1" 200 333 "http://localhost:4200/" "Mozilla/5.0 (Windows NT 6.1) AppleWebKit/537.36 (KHTML, like Gecko) Chrome/88.0.4324.150 Safari/537.36"
::1 - - [14/Feb/2021:11:31:47 +0000] "POST /graphql/ HTTP/1.1" 200 345 "http://localhost:4200/" "Mozilla/5.0 (Windows NT 6.1) AppleWebKit/537.36 (KHTML, like Gecko) Chrome/88.0.4324.150 Safari/537.36"
::1 - - [14/Feb/2021:11:32:00 +0000] "POST /graphql/ HTTP/1.1" 200 333 "http://localhost:4200/" "Mozilla/5.0 (Windows NT 6.1) AppleWebKit/537.36 (KHTML, like Gecko) Chrome/88.0.4324.150 Safari/537.36"
::1 - - [14/Feb/2021:11:36:01 +0000] "POST /graphql/ HTTP/1.1" 200 345 "http://localhost:4200/" "Mozilla/5.0 (Windows NT 6.1) AppleWebKit/537.36 (KHTML, like Gecko) Chrome/88.0.4324.150 Safari/537.36"
::1 - - [14/Feb/2021:11:45:22 +0000] "POST /graphql/? HTTP/1.1" 200 239 "http://localhost:3000/" "Mozilla/5.0 (Windows NT 6.1) AppleWebKit/537.36 (KHTML, like Gecko) Chrome/88.0.4324.150 Safari/537.36"
::1 - - [14/Feb/2021:11:45:29 +0000] "POST /graphql/? HTTP/1.1" 200 283 "http://localhost:3000/" "Mozilla/5.0 (Windows NT 6.1) AppleWebKit/537.36 (KHTML, like Gecko) Chrome/88.0.4324.150 Safari/537.36"
::1 - - [14/Feb/2021:11:45:50 +0000] "POST /graphql/? HTTP/1.1" 200 419 "http://localhost:3000/" "Mozilla/5.0 (Windows NT 6.1) AppleWebKit/537.36 (KHTML, like Gecko) Chrome/88.0.4324.150 Safari/537.36"
::1 - - [14/Feb/2021:11:46:41 +0000] "POST /graphql/? HTTP/1.1" 400 114 "http://localhost:3000/" "Mozilla/5.0 (Windows NT 6.1) AppleWebKit/537.36 (KHTML, like Gecko) Chrome/88.0.4324.150 Safari/537.36"
::1 - - [14/Feb/2021:11:47:52 +0000] "POST /graphql/? HTTP/1.1" 200 818 "http://localhost:3000/" "Mozilla/5.0 (Windows NT 6.1) AppleWebKit/537.36 (KHTML, like Gecko) Chrome/88.0.4324.150 Safari/537.36"
::1 - - [14/Feb/2021:11:48:20 +0000] "POST /graphql/? HTTP/1.1" 200 495 "http://localhost:3000/" "Mozilla/5.0 (Windows NT 6.1) AppleWebKit/537.36 (KHTML, like Gecko) Chrome/88.0.4324.150 Safari/537.36"
::1 - - [14/Feb/2021:11:49:46 +0000] "POST /graphql/? HTTP/1.1" 400 106 "http://localhost:3000/" "Mozilla/5.0 (Windows NT 6.1) AppleWebKit/537.36 (KHTML, like Gecko) Chrome/88.0.4324.150 Safari/537.36"
::1 - - [14/Feb/2021:11:51:54 +0000] "POST /graphql/? HTTP/1.1" 500 100 "http://localhost:3000/" "Mozilla/5.0 (Windows NT 6.1) AppleWebKit/537.36 (KHTML, like Gecko) Chrome/88.0.4324.150 Safari/537.36"
::1 - - [14/Feb/2021:11:53:27 +0000] "POST /graphql/? HTTP/1.1" 200 710 "http://localhost:3000/" "Mozilla/5.0 (Windows NT 6.1) AppleWebKit/537.36 (KHTML, like Gecko) Chrome/88.0.4324.150 Safari/537.36"
::1 - - [14/Feb/2021:11:55:02 +0000] "POST /graphql/? HTTP/1.1" 200 543 "http://localhost:3000/" "Mozilla/5.0 (Windows NT 6.1) AppleWebKit/537.36 (KHTML, like Gecko) Chrome/88.0.4324.150 Safari/537.36"
::1 - - [14/Feb/2021:11:55:45 +0000] "POST /graphql/? HTTP/1.1" 200 543 "http://localhost:3000/" "Mozilla/5.0 (Windows NT 6.1) AppleWebKit/537.36 (KHTML, like Gecko) Chrome/88.0.4324.150 Safari/537.36"
::1 - - [14/Feb/2021:11:56:30 +0000] "POST /graphql/? HTTP/1.1" 200 541 "http://localhost:3000/" "Mozilla/5.0 (Windows NT 6.1) AppleWebKit/537.36 (KHTML, like Gecko) Chrome/88.0.4324.150 Safari/537.36"
::1 - - [14/Feb/2021:11:58:41 +0000] "POST /graphql/ HTTP/1.1" 200 345 "http://localhost:4200/" "Mozilla/5.0 (Windows NT 6.1) AppleWebKit/537.36 (KHTML, like Gecko) Chrome/88.0.4324.150 Safari/537.36"
::1 - - [14/Feb/2021:12:01:17 +0000] "POST /graphql/ HTTP/1.1" 200 345 "http://localhost:4200/" "Mozilla/5.0 (Windows NT 6.1) AppleWebKit/537.36 (KHTML, like Gecko) Chrome/88.0.4324.150 Safari/537.36"
::1 - - [14/Feb/2021:12:01:27 +0000] "POST /graphql/ HTTP/1.1" 200 345 "http://localhost:4200/" "Mozilla/5.0 (Windows NT 6.1) AppleWebKit/537.36 (KHTML, like Gecko) Chrome/88.0.4324.150 Safari/537.36"
::1 - - [14/Feb/2021:12:01:31 +0000] "POST /graphql/ HTTP/1.1" 200 591 "http://localhost:4200/" "Mozilla/5.0 (Windows NT 6.1) AppleWebKit/537.36 (KHTML, like Gecko) Chrome/88.0.4324.150 Safari/537.36"
::1 - - [14/Feb/2021:12:02:39 +0000] "POST /graphql/ HTTP/1.1" 200 345 "http://localhost:4200/" "Mozilla/5.0 (Windows NT 6.1) AppleWebKit/537.36 (KHTML, like Gecko) Chrome/88.0.4324.150 Safari/537.36"
::1 - - [14/Feb/2021:12:03:29 +0000] "POST /graphql/ HTTP/1.1" 200 345 "http://localhost:4200/" "Mozilla/5.0 (Windows NT 6.1) AppleWebKit/537.36 (KHTML, like Gecko) Chrome/88.0.4324.150 Safari/537.36"
::1 - - [14/Feb/2021:12:04:30 +0000] "POST /graphql/ HTTP/1.1" 200 591 "http://localhost:4200/" "Mozilla/5.0 (Windows NT 6.1) AppleWebKit/537.36 (KHTML, like Gecko) Chrome/88.0.4324.150 Safari/537.36"
::1 - - [14/Feb/2021:12:05:08 +0000] "POST /graphql/ HTTP/1.1" 200 345 "http://localhost:4200/" "Mozilla/5.0 (Windows NT 6.1) AppleWebKit/537.36 (KHTML, like Gecko) Chrome/88.0.4324.150 Safari/537.36"
::1 - - [14/Feb/2021:12:05:16 +0000] "POST /graphql/ HTTP/1.1" 200 591 "http://localhost:4200/" "Mozilla/5.0 (Windows NT 6.1) AppleWebKit/537.36 (KHTML, like Gecko) Chrome/88.0.4324.150 Safari/537.36"
::1 - - [14/Feb/2021:12:05:52 +0000] "POST /graphql/ HTTP/1.1" 200 345 "http://localhost:4200/" "Mozilla/5.0 (Windows NT 6.1) AppleWebKit/537.36 (KHTML, like Gecko) Chrome/88.0.4324.150 Safari/537.36"
::1 - - [14/Feb/2021:12:06:00 +0000] "POST /graphql/ HTTP/1.1" 200 591 "http://localhost:4200/" "Mozilla/5.0 (Windows NT 6.1) AppleWebKit/537.36 (KHTML, like Gecko) Chrome/88.0.4324.150 Safari/537.36"
::1 - - [14/Feb/2021:12:10:27 +0000] "POST /graphql/ HTTP/1.1" 200 345 "http://localhost:4200/" "Mozilla/5.0 (Windows NT 6.1) AppleWebKit/537.36 (KHTML, like Gecko) Chrome/88.0.4324.150 Safari/537.36"
::1 - - [14/Feb/2021:12:11:25 +0000] "POST /graphql/ HTTP/1.1" 200 591 "http://localhost:4200/" "Mozilla/5.0 (Windows NT 6.1) AppleWebKit/537.36 (KHTML, like Gecko) Chrome/88.0.4324.150 Safari/537.36"
::1 - - [14/Feb/2021:12:13:28 +0000] "POST /graphql/ HTTP/1.1" 200 345 "http://localhost:4200/" "Mozilla/5.0 (Windows NT 6.1) AppleWebKit/537.36 (KHTML, like Gecko) Chrome/88.0.4324.150 Safari/537.36"
::1 - - [14/Feb/2021:12:13:34 +0000] "POST /graphql/ HTTP/1.1" 200 591 "http://localhost:4200/" "Mozilla/5.0 (Windows NT 6.1) AppleWebKit/537.36 (KHTML, like Gecko) Chrome/88.0.4324.150 Safari/537.36"
::1 - - [14/Feb/2021:12:13:42 +0000] "POST /graphql/ HTTP/1.1" 200 335 "http://localhost:4200/" "Mozilla/5.0 (Windows NT 6.1) AppleWebKit/537.36 (KHTML, like Gecko) Chrome/88.0.4324.150 Safari/537.36"
::1 - - [14/Feb/2021:12:13:52 +0000] "POST /graphql/ HTTP/1.1" 200 440 "http://localhost:4200/" "Mozilla/5.0 (Windows NT 6.1) AppleWebKit/537.36 (KHTML, like Gecko) Chrome/88.0.4324.150 Safari/537.36"
::1 - - [14/Feb/2021:12:17:39 +0000] "POST /graphql/ HTTP/1.1" 200 345 "http://localhost:4200/" "Mozilla/5.0 (Windows NT 6.1) AppleWebKit/537.36 (KHTML, like Gecko) Chrome/88.0.4324.150 Safari/537.36"
::1 - - [14/Feb/2021:12:17:40 +0000] "POST /graphql/ HTTP/1.1" 200 637 "http://localhost:4200/" "Mozilla/5.0 (Windows NT 6.1) AppleWebKit/537.36 (KHTML, like Gecko) Chrome/88.0.4324.150 Safari/537.36"
::1 - - [14/Feb/2021:12:17:48 +0000] "POST /graphql/ HTTP/1.1" 200 335 "http://localhost:4200/" "Mozilla/5.0 (Windows NT 6.1) AppleWebKit/537.36 (KHTML, like Gecko) Chrome/88.0.4324.150 Safari/537.36"
::1 - - [14/Feb/2021:12:17:53 +0000] "POST /graphql/ HTTP/1.1" 200 440 "http://localhost:4200/" "Mozilla/5.0 (Windows NT 6.1) AppleWebKit/537.36 (KHTML, like Gecko) Chrome/88.0.4324.150 Safari/537.36"
::1 - - [14/Feb/2021:12:20:39 +0000] "POST /graphql/ HTTP/1.1" 200 345 "http://localhost:4200/" "Mozilla/5.0 (Windows NT 6.1) AppleWebKit/537.36 (KHTML, like Gecko) Chrome/88.0.4324.150 Safari/537.36"
::1 - - [14/Feb/2021:12:20:41 +0000] "POST /graphql/ HTTP/1.1" 200 637 "http://localhost:4200/" "Mozilla/5.0 (Windows NT 6.1) AppleWebKit/537.36 (KHTML, like Gecko) Chrome/88.0.4324.150 Safari/537.36"
::1 - - [14/Feb/2021:12:23:59 +0000] "POST /graphql/ HTTP/1.1" 200 345 "http://localhost:4200/" "Mozilla/5.0 (Windows NT 6.1) AppleWebKit/537.36 (KHTML, like Gecko) Chrome/88.0.4324.150 Safari/537.36"
::1 - - [14/Feb/2021:12:24:08 +0000] "POST /graphql/ HTTP/1.1" 200 637 "http://localhost:4200/" "Mozilla/5.0 (Windows NT 6.1) AppleWebKit/537.36 (KHTML, like Gecko) Chrome/88.0.4324.150 Safari/537.36"
::1 - - [14/Feb/2021:12:24:09 +0000] "POST /graphql/ HTTP/1.1" 200 335 "http://localhost:4200/" "Mozilla/5.0 (Windows NT 6.1) AppleWebKit/537.36 (KHTML, like Gecko) Chrome/88.0.4324.150 Safari/537.36"
::1 - - [14/Feb/2021:12:24:25 +0000] "POST /graphql/ HTTP/1.1" 200 440 "http://localhost:4200/" "Mozilla/5.0 (Windows NT 6.1) AppleWebKit/537.36 (KHTML, like Gecko) Chrome/88.0.4324.150 Safari/537.36"
::1 - - [14/Feb/2021:12:25:21 +0000] "POST /graphql/ HTTP/1.1" 200 335 "http://localhost:4200/" "Mozilla/5.0 (Windows NT 6.1) AppleWebKit/537.36 (KHTML, like Gecko) Chrome/88.0.4324.150 Safari/537.36"
::1 - - [14/Feb/2021:12:25:42 +0000] "POST /graphql/ HTTP/1.1" 200 335 "http://localhost:4200/" "Mozilla/5.0 (Windows NT 6.1) AppleWebKit/537.36 (KHTML, like Gecko) Chrome/88.0.4324.150 Safari/537.36"
::1 - - [14/Feb/2021:12:25:50 +0000] "POST /graphql/ HTTP/1.1" 200 335 "http://localhost:4200/" "Mozilla/5.0 (Windows NT 6.1) AppleWebKit/537.36 (KHTML, like Gecko) Chrome/88.0.4324.150 Safari/537.36"
::1 - - [14/Feb/2021:12:27:07 +0000] "POST /graphql/ HTTP/1.1" 200 345 "http://localhost:4200/" "Mozilla/5.0 (Windows NT 6.1) AppleWebKit/537.36 (KHTML, like Gecko) Chrome/88.0.4324.150 Safari/537.36"
::1 - - [14/Feb/2021:12:27:13 +0000] "POST /graphql/ HTTP/1.1" 200 637 "http://localhost:4200/" "Mozilla/5.0 (Windows NT 6.1) AppleWebKit/537.36 (KHTML, like Gecko) Chrome/88.0.4324.150 Safari/537.36"
::1 - - [14/Feb/2021:12:27:14 +0000] "POST /graphql/ HTTP/1.1" 200 335 "http://localhost:4200/" "Mozilla/5.0 (Windows NT 6.1) AppleWebKit/537.36 (KHTML, like Gecko) Chrome/88.0.4324.150 Safari/537.36"
::1 - - [14/Feb/2021:12:27:20 +0000] "POST /graphql/ HTTP/1.1" 200 440 "http://localhost:4200/" "Mozilla/5.0 (Windows NT 6.1) AppleWebKit/537.36 (KHTML, like Gecko) Chrome/88.0.4324.150 Safari/537.36"
::1 - - [14/Feb/2021:12:31:06 +0000] "POST /graphql/ HTTP/1.1" 200 335 "http://localhost:4200/" "Mozilla/5.0 (Windows NT 6.1) AppleWebKit/537.36 (KHTML, like Gecko) Chrome/88.0.4324.150 Safari/537.36"
::1 - - [14/Feb/2021:12:31:11 +0000] "POST /graphql/ HTTP/1.1" 200 440 "http://localhost:4200/" "Mozilla/5.0 (Windows NT 6.1) AppleWebKit/537.36 (KHTML, like Gecko) Chrome/88.0.4324.150 Safari/537.36"
::1 - - [14/Feb/2021:12:32:55 +0000] "POST /graphql/ HTTP/1.1" 200 335 "http://localhost:4200/" "Mozilla/5.0 (Windows NT 6.1) AppleWebKit/537.36 (KHTML, like Gecko) Chrome/88.0.4324.150 Safari/537.36"
::1 - - [14/Feb/2021:12:33:04 +0000] "POST /graphql/ HTTP/1.1" 200 605 "http://localhost:4200/" "Mozilla/5.0 (Windows NT 6.1) AppleWebKit/537.36 (KHTML, like Gecko) Chrome/88.0.4324.150 Safari/537.36"
::1 - - [14/Feb/2021:13:04:53 +0000] "POST /graphql/ HTTP/1.1" 200 345 "http://localhost:4200/" "Mozilla/5.0 (Macintosh; Intel Mac OS X 10_11_6) AppleWebKit/537.36 (KHTML, like Gecko) Chrome/88.0.4324.150 Safari/537.36"
::1 - - [14/Feb/2021:13:05:21 +0000] "POST /graphql/ HTTP/1.1" 200 637 "http://localhost:4200/" "Mozilla/5.0 (Macintosh; Intel Mac OS X 10_11_6) AppleWebKit/537.36 (KHTML, like Gecko) Chrome/88.0.4324.150 Safari/537.36"
::1 - - [14/Feb/2021:13:05:35 +0000] "POST /graphql/ HTTP/1.1" 200 335 "http://localhost:4200/" "Mozilla/5.0 (Macintosh; Intel Mac OS X 10_11_6) AppleWebKit/537.36 (KHTML, like Gecko) Chrome/88.0.4324.150 Safari/537.36"
::1 - - [14/Feb/2021:13:05:59 +0000] "POST /graphql/ HTTP/1.1" 200 605 "http://localhost:4200/" "Mozilla/5.0 (Macintosh; Intel Mac OS X 10_11_6) AppleWebKit/537.36 (KHTML, like Gecko) Chrome/88.0.4324.150 Safari/537.36"
::1 - - [14/Feb/2021:13:07:20 +0000] "POST /graphql/ HTTP/1.1" 200 335 "http://localhost:4200/" "Mozilla/5.0 (Macintosh; Intel Mac OS X 10_11_6) AppleWebKit/537.36 (KHTML, like Gecko) Chrome/88.0.4324.150 Safari/537.36"
::1 - - [14/Feb/2021:13:07:27 +0000] "POST /graphql/ HTTP/1.1" 200 610 "http://localhost:4200/" "Mozilla/5.0 (Macintosh; Intel Mac OS X 10_11_6) AppleWebKit/537.36 (KHTML, like Gecko) Chrome/88.0.4324.150 Safari/537.36"
::1 - - [14/Feb/2021:13:08:56 +0000] "POST /graphql/ HTTP/1.1" 200 345 "http://localhost:4200/" "Mozilla/5.0 (Macintosh; Intel Mac OS X 10_11_6) AppleWebKit/537.36 (KHTML, like Gecko) Chrome/88.0.4324.150 Safari/537.36"
::1 - - [14/Feb/2021:13:09:04 +0000] "POST /graphql/ HTTP/1.1" 200 637 "http://localhost:4200/" "Mozilla/5.0 (Macintosh; Intel Mac OS X 10_11_6) AppleWebKit/537.36 (KHTML, like Gecko) Chrome/88.0.4324.150 Safari/537.36"
::1 - - [14/Feb/2021:13:09:24 +0000] "POST /graphql/ HTTP/1.1" 200 335 "http://localhost:4200/" "Mozilla/5.0 (Macintosh; Intel Mac OS X 10_11_6) AppleWebKit/537.36 (KHTML, like Gecko) Chrome/88.0.4324.150 Safari/537.36"
::1 - - [14/Feb/2021:13:09:51 +0000] "POST /graphql/ HTTP/1.1" 200 610 "http://localhost:4200/" "Mozilla/5.0 (Macintosh; Intel Mac OS X 10_11_6) AppleWebKit/537.36 (KHTML, like Gecko) Chrome/88.0.4324.150 Safari/537.36"
::1 - - [14/Feb/2021:13:11:52 +0000] "GET /graphql HTTP/1.1" 200 927959 "-" "Mozilla/5.0 (Macintosh; Intel Mac OS X 10_11_6) AppleWebKit/537.36 (KHTML, like Gecko) Chrome/88.0.4324.150 Safari/537.36"
::1 - - [14/Feb/2021:13:11:53 +0000] "POST /graphql? HTTP/1.1" 200 32815 "http://localhost:3000/" "Mozilla/5.0 (Macintosh; Intel Mac OS X 10_11_6) AppleWebKit/537.36 (KHTML, like Gecko) Chrome/88.0.4324.150 Safari/537.36"
::1 - - [14/Feb/2021:13:11:53 +0000] "GET /favicon.ico HTTP/1.1" 404 2225 "http://localhost:3000/" "Mozilla/5.0 (Macintosh; Intel Mac OS X 10_11_6) AppleWebKit/537.36 (KHTML, like Gecko) Chrome/88.0.4324.150 Safari/537.36"
::1 - - [14/Feb/2021:13:14:53 +0000] "POST /graphql? HTTP/1.1" 200 273 "http://localhost:3000/" "Mozilla/5.0 (Macintosh; Intel Mac OS X 10_11_6) AppleWebKit/537.36 (KHTML, like Gecko) Chrome/88.0.4324.150 Safari/537.36"
::1 - - [14/Feb/2021:13:16:18 +0000] "POST /graphql? HTTP/1.1" 400 105 "http://localhost:3000/" "Mozilla/5.0 (Macintosh; Intel Mac OS X 10_11_6) AppleWebKit/537.36 (KHTML, like Gecko) Chrome/88.0.4324.150 Safari/537.36"
::1 - - [14/Feb/2021:13:16:41 +0000] "POST /graphql? HTTP/1.1" 200 670 "http://localhost:3000/" "Mozilla/5.0 (Macintosh; Intel Mac OS X 10_11_6) AppleWebKit/537.36 (KHTML, like Gecko) Chrome/88.0.4324.150 Safari/537.36"
::1 - - [14/Feb/2021:13:18:42 +0000] "POST /graphql? HTTP/1.1" 200 273 "http://localhost:3000/" "Mozilla/5.0 (Macintosh; Intel Mac OS X 10_11_6) AppleWebKit/537.36 (KHTML, like Gecko) Chrome/88.0.4324.150 Safari/537.36"
::1 - - [14/Feb/2021:13:22:54 +0000] "POST /graphql? HTTP/1.1" 200 670 "http://localhost:3000/" "Mozilla/5.0 (Macintosh; Intel Mac OS X 10_11_6) AppleWebKit/537.36 (KHTML, like Gecko) Chrome/88.0.4324.150 Safari/537.36"
::1 - - [14/Feb/2021:13:24:51 +0000] "POST /graphql? HTTP/1.1" 200 75 "http://localhost:3000/" "Mozilla/5.0 (Macintosh; Intel Mac OS X 10_11_6) AppleWebKit/537.36 (KHTML, like Gecko) Chrome/88.0.4324.150 Safari/537.36"
::1 - - [14/Feb/2021:13:39:38 +0000] "POST /graphql? HTTP/1.1" 400 822 "http://localhost:3000/" "Mozilla/5.0 (Macintosh; Intel Mac OS X 10_11_6) AppleWebKit/537.36 (KHTML, like Gecko) Chrome/88.0.4324.150 Safari/537.36"
::1 - - [14/Feb/2021:13:40:54 +0000] "POST /graphql? HTTP/1.1" 400 400 "http://localhost:3000/" "Mozilla/5.0 (Macintosh; Intel Mac OS X 10_11_6) AppleWebKit/537.36 (KHTML, like Gecko) Chrome/88.0.4324.150 Safari/537.36"
::1 - - [14/Feb/2021:13:42:13 +0000] "POST /graphql? HTTP/1.1" 400 166 "http://localhost:3000/" "Mozilla/5.0 (Macintosh; Intel Mac OS X 10_11_6) AppleWebKit/537.36 (KHTML, like Gecko) Chrome/88.0.4324.150 Safari/537.36"
::1 - - [14/Feb/2021:13:43:04 +0000] "POST /graphql? HTTP/1.1" 200 216 "http://localhost:3000/" "Mozilla/5.0 (Macintosh; Intel Mac OS X 10_11_6) AppleWebKit/537.36 (KHTML, like Gecko) Chrome/88.0.4324.150 Safari/537.36"
::1 - - [14/Feb/2021:13:52:58 +0000] "GET /graphql?query=%23%20Welcome%20to%20GraphiQL%0A%23%0A%23%20GraphiQL%20is%20an%20in-browser%20tool%20for%20writing%2C%20validating%2C%20and%0A%23%20testing%20GraphQL%20queries.%0A%23%0A%23%20Type%20queries%20into%20this%20side%20of%20the%20screen%2C%20and%20you%20will%20see%20intelligent%0A%23%20typeaheads%20aware%20of%20the%20current%20GraphQL%20type%20schema%20and%20live%20syntax%20and%0A%23%20validation%20errors%20highlighted%20within%20the%20text.%0A%23%0A%23%20GraphQL%20queries%20typically%20start%20with%20a%20%22%7B%22%20character.%20Lines%20that%20start%0A%23%20with%20a%20%23%20are%20ignored.%0A%23%0A%23%20An%20example%20GraphQL%20query%20might%20look%20like%3A%0A%23%0A%23%20%20%20%20%20%7B%0A%23%20%20%20%20%20%20%20field(arg%3A%20%22value%22)%20%7B%0A%23%20%20%20%20%20%20%20%20%20subField%0A%23%20%20%20%20%20%20%20%7D%0A%23%20%20%20%20%20%7D%0A%23%0A%23%20Keyboard%20shortcuts%3A%0A%23%0A%23%20%20Prettify%20Query%3A%20%20Shift-Ctrl-P%20(or%20press%20the%20prettify%20button%20above)%0A%23%0A%23%20%20%20%20%20Merge%20Query%3A%20%20Shift-Ctrl-M%20(or%20press%20the%20merge%20button%20above)%0A%23%0A%23%20%20%20%20%20%20%20Run%20Query%3A%20%20Ctrl-Enter%20(or%20press%20the%20play%20button%20above)%0A%23%0A%23%20%20%20Auto%20Complete%3A%20%20Ctrl-Space%20(or%20just%20start%20typing)%0A%23%0A%0Amutation%7B%0A%20%20addBussiness(name%3A%22SPAC%22%2CindustryId%3A%22602924a35b4746095dc63da6%22%2C%0A%20%20%20%20img%3A%22http%3A%2F%2Fwww.spacgroup.com%2Fassets%2Fimages%2Flogo.png%22%2C%0A%20%20%20%20address1%3A%22%238%2C%20SPAC%2C%20%20Gobi%22%2C%0A%20%20%20%20address2%3A%20%22Tamil%20Nadu%20-%20600%20045.%22%2C%0A%20%20%20%20city%3A%22Gobi%22%2C%0A%20%20%20%20state%3A%22TamilNadu%22%2C%0A%20%20%20%20country%3A%22India%22%2C%0A%20%20%20%20zipCode%20%3A%20%22600045%22%2C%0A%20%20%20%20location%3A%22Gobi%22%0A%20%20%0A%20%20)%7B%0A%20%20%20%20name%2C%0A%20%20%20%20createdDate%2C%0A%20%20%20%20industryId%2C%0A%20%20%20%20phoneNumber%2C%0A%20%20%20%20img%2C%0A%20%20%20%20city%2C%0A%20%20%20%20location%0A%20%20%20%20%0A%20%20%7D%0A%7D%0A%0A%0A%0A%0A%0A%0A HTTP/1.1" 200 929292 "-" "Mozilla/5.0 (Macintosh; Intel Mac OS X 10_11_6) AppleWebKit/537.36 (KHTML, like Gecko) Chrome/88.0.4324.150 Safari/537.36"
::1 - - [14/Feb/2021:13:52:58 +0000] "POST /graphql? HTTP/1.1" 200 32815 "http://localhost:3000/" "Mozilla/5.0 (Macintosh; Intel Mac OS X 10_11_6) AppleWebKit/537.36 (KHTML, like Gecko) Chrome/88.0.4324.150 Safari/537.36"
::1 - - [14/Feb/2021:14:53:55 +0000] "GET /graphql?query=%23%20Welcome%20to%20GraphiQL%0A%23%0A%23%20GraphiQL%20is%20an%20in-browser%20tool%20for%20writing%2C%20validating%2C%20and%0A%23%20testing%20GraphQL%20queries.%0A%23%0A%23%20Type%20queries%20into%20this%20side%20of%20the%20screen%2C%20and%20you%20will%20see%20intelligent%0A%23%20typeaheads%20aware%20of%20the%20current%20GraphQL%20type%20schema%20and%20live%20syntax%20and%0A%23%20validation%20errors%20highlighted%20within%20the%20text.%0A%23%0A%23%20GraphQL%20queries%20typically%20start%20with%20a%20%22%7B%22%20character.%20Lines%20that%20start%0A%23%20with%20a%20%23%20are%20ignored.%0A%23%0A%23%20An%20example%20GraphQL%20query%20might%20look%20like%3A%0A%23%0A%23%20%20%20%20%20%7B%0A%23%20%20%20%20%20%20%20field(arg%3A%20%22value%22)%20%7B%0A%23%20%20%20%20%20%20%20%20%20subField%0A%23%20%20%20%20%20%20%20%7D%0A%23%20%20%20%20%20%7D%0A%23%0A%23%20Keyboard%20shortcuts%3A%0A%23%0A%23%20%20Prettify%20Query%3A%20%20Shift-Ctrl-P%20(or%20press%20the%20prettify%20button%20above)%0A%23%0A%23%20%20%20%20%20Merge%20Query%3A%20%20Shift-Ctrl-M%20(or%20press%20the%20merge%20button%20above)%0A%23%0A%23%20%20%20%20%20%20%20Run%20Query%3A%20%20Ctrl-Enter%20(or%20press%20the%20play%20button%20above)%0A%23%0A%23%20%20%20Auto%20Complete%3A%20%20Ctrl-Space%20(or%20just%20start%20typing)%0A%23%0A%0Amutation%7B%0A%20%20addBussiness(name%3A%22SPAC%22%2CindustryId%3A%22602924a35b4746095dc63da6%22%2C%0A%20%20%20%20img%3A%22http%3A%2F%2Fwww.spacgroup.com%2Fassets%2Fimages%2Flogo.png%22%2C%0A%20%20%20%20address1%3A%22%238%2C%20SPAC%2C%20%20Gobi%22%2C%0A%20%20%20%20address2%3A%20%22Tamil%20Nadu%20-%20600%20045.%22%2C%0A%20%20%20%20city%3A%22Gobi%22%2C%0A%20%20%20%20state%3A%22TamilNadu%22%2C%0A%20%20%20%20country%3A%22India%22%2C%0A%20%20%20%20zipCode%20%3A%20%22600045%22%2C%0A%20%20%20%20location%3A%22Gobi%22%0A%20%20%0A%20%20%20%20)%7B%0A%20%20%20%20%20%20name%2C%0A%20%20%20%20%20%20createdDate%2C%0A%20%20%20%20%20%20industryId%2C%0A%20%20%20%20%20%20phoneNumber%2C%0A%20%20%20%20%20%20img%2C%0A%20%20%20%20%20%20city%2C%0A%20%20%20%20%20%20location%0A%20%20%20%20%0A%20%20%7D%0A%7D%0A%0A%0A%0A%0A%0A%0A HTTP/1.1" 200 929308 "-" "Mozilla/5.0 (Macintosh; Intel Mac OS X 10_11_6) AppleWebKit/537.36 (KHTML, like Gecko) Chrome/88.0.4324.150 Safari/537.36"
::1 - - [14/Feb/2021:14:53:55 +0000] "POST /graphql? HTTP/1.1" 200 32815 "http://localhost:3000/" "Mozilla/5.0 (Macintosh; Intel Mac OS X 10_11_6) AppleWebKit/537.36 (KHTML, like Gecko) Chrome/88.0.4324.150 Safari/537.36"
::1 - - [14/Feb/2021:15:17:43 +0000] "POST /graphql/ HTTP/1.1" 200 452 "http://localhost:4200/" "Mozilla/5.0 (Macintosh; Intel Mac OS X 10_11_6) AppleWebKit/537.36 (KHTML, like Gecko) Chrome/88.0.4324.150 Safari/537.36"
::1 - - [14/Feb/2021:15:18:07 +0000] "POST /graphql/ HTTP/1.1" 200 281 "http://localhost:4200/" "Mozilla/5.0 (Macintosh; Intel Mac OS X 10_11_6) AppleWebKit/537.36 (KHTML, like Gecko) Chrome/88.0.4324.150 Safari/537.36"
::1 - - [14/Feb/2021:17:41:55 +0000] "POST /graphql/ HTTP/1.1" 200 139 "http://localhost:4200/" "Mozilla/5.0 (Macintosh; Intel Mac OS X 10_11_6) AppleWebKit/537.36 (KHTML, like Gecko) Chrome/88.0.4324.150 Safari/537.36"
::1 - - [14/Feb/2021:17:43:05 +0000] "POST /graphql/ HTTP/1.1" 200 139 "http://localhost:4200/" "Mozilla/5.0 (Macintosh; Intel Mac OS X 10_11_6) AppleWebKit/537.36 (KHTML, like Gecko) Chrome/88.0.4324.150 Safari/537.36"
::1 - - [14/Feb/2021:17:43:18 +0000] "POST /graphql/ HTTP/1.1" 200 139 "http://localhost:4200/" "Mozilla/5.0 (Macintosh; Intel Mac OS X 10_11_6) AppleWebKit/537.36 (KHTML, like Gecko) Chrome/88.0.4324.150 Safari/537.36"
::1 - - [14/Feb/2021:17:43:29 +0000] "POST /graphql/ HTTP/1.1" 200 139 "http://localhost:4200/" "Mozilla/5.0 (Macintosh; Intel Mac OS X 10_11_6) AppleWebKit/537.36 (KHTML, like Gecko) Chrome/88.0.4324.150 Safari/537.36"
::1 - - [14/Feb/2021:17:43:37 +0000] "POST /graphql/ HTTP/1.1" 200 139 "http://localhost:4200/" "Mozilla/5.0 (Macintosh; Intel Mac OS X 10_11_6) AppleWebKit/537.36 (KHTML, like Gecko) Chrome/88.0.4324.150 Safari/537.36"
::1 - - [14/Feb/2021:17:43:52 +0000] "POST /graphql/ HTTP/1.1" 200 139 "http://localhost:4200/" "Mozilla/5.0 (Macintosh; Intel Mac OS X 10_11_6) AppleWebKit/537.36 (KHTML, like Gecko) Chrome/88.0.4324.150 Safari/537.36"
::1 - - [14/Feb/2021:17:45:22 +0000] "POST /graphql/ HTTP/1.1" 200 139 "http://localhost:4200/" "Mozilla/5.0 (Macintosh; Intel Mac OS X 10_11_6) AppleWebKit/537.36 (KHTML, like Gecko) Chrome/88.0.4324.150 Safari/537.36"
::1 - - [14/Feb/2021:17:45:48 +0000] "POST /graphql/ HTTP/1.1" 200 139 "http://localhost:4200/" "Mozilla/5.0 (Macintosh; Intel Mac OS X 10_11_6) AppleWebKit/537.36 (KHTML, like Gecko) Chrome/88.0.4324.150 Safari/537.36"
::1 - - [14/Feb/2021:17:52:23 +0000] "GET /graphql?query=%23%20Welcome%20to%20GraphiQL%0A%23%0A%23%20GraphiQL%20is%20an%20in-browser%20tool%20for%20writing%2C%20validating%2C%20and%0A%23%20testing%20GraphQL%20queries.%0A%23%0A%23%20Type%20queries%20into%20this%20side%20of%20the%20screen%2C%20and%20you%20will%20see%20intelligent%0A%23%20typeaheads%20aware%20of%20the%20current%20GraphQL%20type%20schema%20and%20live%20syntax%20and%0A%23%20validation%20errors%20highlighted%20within%20the%20text.%0A%23%0A%23%20GraphQL%20queries%20typically%20start%20with%20a%20%22%7B%22%20character.%20Lines%20that%20start%0A%23%20with%20a%20%23%20are%20ignored.%0A%23%0A%23%20An%20example%20GraphQL%20query%20might%20look%20like%3A%0A%23%0A%23%20%20%20%20%20%7B%0A%23%20%20%20%20%20%20%20field(arg%3A%20%22value%22)%20%7B%0A%23%20%20%20%20%20%20%20%20%20subField%0A%23%20%20%20%20%20%20%20%7D%0A%23%20%20%20%20%20%7D%0A%23%0A%23%20Keyboard%20shortcuts%3A%0A%23%0A%23%20%20Prettify%20Query%3A%20%20Shift-Ctrl-P%20(or%20press%20the%20prettify%20button%20above)%0A%23%0A%23%20%20%20%20%20Merge%20Query%3A%20%20Shift-Ctrl-M%20(or%20press%20the%20merge%20button%20above)%0A%23%0A%23%20%20%20%20%20%20%20Run%20Query%3A%20%20Ctrl-Enter%20(or%20press%20the%20play%20button%20above)%0A%23%0A%23%20%20%20Auto%20Complete%3A%20%20Ctrl-Space%20(or%20just%20start%20typing)%0A%23%0A%0A HTTP/1.1" 400 929006 "-" "Mozilla/5.0 (Macintosh; Intel Mac OS X 10_11_6) AppleWebKit/537.36 (KHTML, like Gecko) Chrome/88.0.4324.150 Safari/537.36"
::1 - - [14/Feb/2021:17:52:24 +0000] "POST /graphql? HTTP/1.1" 200 32815 "http://localhost:3000/" "Mozilla/5.0 (Macintosh; Intel Mac OS X 10_11_6) AppleWebKit/537.36 (KHTML, like Gecko) Chrome/88.0.4324.150 Safari/537.36"
::1 - - [14/Feb/2021:17:54:19 +0000] "POST /graphql? HTTP/1.1" 400 109 "http://localhost:3000/" "Mozilla/5.0 (Macintosh; Intel Mac OS X 10_11_6) AppleWebKit/537.36 (KHTML, like Gecko) Chrome/88.0.4324.150 Safari/537.36"
::1 - - [14/Feb/2021:17:54:56 +0000] "POST /graphql? HTTP/1.1" 200 176 "http://localhost:3000/" "Mozilla/5.0 (Macintosh; Intel Mac OS X 10_11_6) AppleWebKit/537.36 (KHTML, like Gecko) Chrome/88.0.4324.150 Safari/537.36"
::1 - - [14/Feb/2021:17:56:10 +0000] "POST /graphql? HTTP/1.1" 200 176 "http://localhost:3000/" "Mozilla/5.0 (Macintosh; Intel Mac OS X 10_11_6) AppleWebKit/537.36 (KHTML, like Gecko) Chrome/88.0.4324.150 Safari/537.36"
::1 - - [14/Feb/2021:18:00:47 +0000] "POST /graphql? HTTP/1.1" 200 356 "http://localhost:3000/" "Mozilla/5.0 (Macintosh; Intel Mac OS X 10_11_6) AppleWebKit/537.36 (KHTML, like Gecko) Chrome/88.0.4324.150 Safari/537.36"
::1 - - [14/Feb/2021:18:09:00 +0000] "POST /graphql/ HTTP/1.1" 200 452 "http://localhost:4200/" "Mozilla/5.0 (Macintosh; Intel Mac OS X 10_11_6) AppleWebKit/537.36 (KHTML, like Gecko) Chrome/88.0.4324.150 Safari/537.36"
::1 - - [14/Feb/2021:18:09:09 +0000] "POST /graphql/ HTTP/1.1" 200 637 "http://localhost:4200/" "Mozilla/5.0 (Macintosh; Intel Mac OS X 10_11_6) AppleWebKit/537.36 (KHTML, like Gecko) Chrome/88.0.4324.150 Safari/537.36"
::1 - - [14/Feb/2021:18:09:22 +0000] "POST /graphql/ HTTP/1.1" 200 335 "http://localhost:4200/" "Mozilla/5.0 (Macintosh; Intel Mac OS X 10_11_6) AppleWebKit/537.36 (KHTML, like Gecko) Chrome/88.0.4324.150 Safari/537.36"
::1 - - [14/Feb/2021:18:09:29 +0000] "POST /graphql/ HTTP/1.1" 200 610 "http://localhost:4200/" "Mozilla/5.0 (Macintosh; Intel Mac OS X 10_11_6) AppleWebKit/537.36 (KHTML, like Gecko) Chrome/88.0.4324.150 Safari/537.36"
::1 - - [14/Feb/2021:18:23:18 +0000] "POST /graphql? HTTP/1.1" 200 82 "http://localhost:3000/" "Mozilla/5.0 (Macintosh; Intel Mac OS X 10_11_6) AppleWebKit/537.36 (KHTML, like Gecko) Chrome/88.0.4324.150 Safari/537.36"
::1 - - [14/Feb/2021:18:24:41 +0000] "POST /graphql/ HTTP/1.1" 200 569 "http://localhost:4200/" "Mozilla/5.0 (Macintosh; Intel Mac OS X 10_11_6) AppleWebKit/537.36 (KHTML, like Gecko) Chrome/88.0.4324.150 Safari/537.36"
