::1 - - [07/Mar/2021:08:29:13 +0000] "GET /users HTTP/1.1" 304 - "-" "Mozilla/5.0 (Windows NT 6.1) AppleWebKit/537.36 (KHTML, like Gecko) Chrome/88.0.4324.190 Safari/537.36"
::1 - - [07/Mar/2021:08:34:11 +0000] "GET /user HTTP/1.1" 403 45 "-" "Mozilla/5.0 (Windows NT 6.1) AppleWebKit/537.36 (KHTML, like Gecko) Chrome/88.0.4324.190 Safari/537.36"
::1 - - [07/Mar/2021:08:35:39 +0000] "GET /user HTTP/1.1" 403 45 "-" "Mozilla/5.0 (Windows NT 6.1) AppleWebKit/537.36 (KHTML, like Gecko) Chrome/88.0.4324.190 Safari/537.36"
::1 - - [07/Mar/2021:08:35:45 +0000] "GET /login HTTP/1.1" 403 45 "-" "Mozilla/5.0 (Windows NT 6.1) AppleWebKit/537.36 (KHTML, like Gecko) Chrome/88.0.4324.190 Safari/537.36"
::1 - - [07/Mar/2021:08:35:48 +0000] "GET /login HTTP/1.1" 403 45 "-" "Mozilla/5.0 (Windows NT 6.1) AppleWebKit/537.36 (KHTML, like Gecko) Chrome/88.0.4324.190 Safari/537.36"
::1 - - [07/Mar/2021:08:35:53 +0000] "GET /auth HTTP/1.1" 200 195 "-" "Mozilla/5.0 (Windows NT 6.1) AppleWebKit/537.36 (KHTML, like Gecko) Chrome/88.0.4324.190 Safari/537.36"
::1 - - [07/Mar/2021:08:35:57 +0000] "GET /users HTTP/1.1" 304 - "-" "Mozilla/5.0 (Windows NT 6.1) AppleWebKit/537.36 (KHTML, like Gecko) Chrome/88.0.4324.190 Safari/537.36"
::1 - - [07/Mar/2021:08:36:00 +0000] "GET /user HTTP/1.1" 200 927959 "-" "Mozilla/5.0 (Windows NT 6.1) AppleWebKit/537.36 (KHTML, like Gecko) Chrome/88.0.4324.190 Safari/537.36"
::1 - - [07/Mar/2021:08:36:01 +0000] "POST /user? HTTP/1.1" 200 31247 "http://localhost:3000/" "Mozilla/5.0 (Windows NT 6.1) AppleWebKit/537.36 (KHTML, like Gecko) Chrome/88.0.4324.190 Safari/537.36"
::1 - - [07/Mar/2021:08:36:28 +0000] "GET /generalUser HTTP/1.1" 200 927959 "-" "Mozilla/5.0 (Windows NT 6.1) AppleWebKit/537.36 (KHTML, like Gecko) Chrome/88.0.4324.190 Safari/537.36"
::1 - - [07/Mar/2021:08:36:28 +0000] "POST /generalUser? HTTP/1.1" 200 31247 "http://localhost:3000/" "Mozilla/5.0 (Windows NT 6.1) AppleWebKit/537.36 (KHTML, like Gecko) Chrome/88.0.4324.190 Safari/537.36"
::1 - - [07/Mar/2021:08:47:40 +0000] "POST /generalUser? HTTP/1.1" 400 121 "http://localhost:3000/" "Mozilla/5.0 (Windows NT 6.1) AppleWebKit/537.36 (KHTML, like Gecko) Chrome/88.0.4324.190 Safari/537.36"
::1 - - [07/Mar/2021:08:48:43 +0000] "POST /generalUser? HTTP/1.1" 400 121 "http://localhost:3000/" "Mozilla/5.0 (Windows NT 6.1) AppleWebKit/537.36 (KHTML, like Gecko) Chrome/88.0.4324.190 Safari/537.36"
::1 - - [07/Mar/2021:08:50:14 +0000] "GET /generalUser HTTP/1.1" 200 927959 "-" "Mozilla/5.0 (Windows NT 6.1) AppleWebKit/537.36 (KHTML, like Gecko) Chrome/88.0.4324.190 Safari/537.36"
::1 - - [07/Mar/2021:08:50:15 +0000] "POST /generalUser? HTTP/1.1" 200 31247 "http://localhost:3000/" "Mozilla/5.0 (Windows NT 6.1) AppleWebKit/537.36 (KHTML, like Gecko) Chrome/88.0.4324.190 Safari/537.36"
::1 - - [07/Mar/2021:08:50:47 +0000] "POST /generalUser? HTTP/1.1" 400 121 "http://localhost:3000/" "Mozilla/5.0 (Windows NT 6.1) AppleWebKit/537.36 (KHTML, like Gecko) Chrome/88.0.4324.190 Safari/537.36"
::1 - - [07/Mar/2021:08:51:19 +0000] "POST /generalUser? HTTP/1.1" 403 45 "http://localhost:3000/" "Mozilla/5.0 (Windows NT 6.1) AppleWebKit/537.36 (KHTML, like Gecko) Chrome/88.0.4324.190 Safari/537.36"
::1 - - [07/Mar/2021:08:51:25 +0000] "GET /unfetch.umd.js.map HTTP/1.1" 403 45 "-" "Mozilla/5.0 (Windows NT 6.1) AppleWebKit/537.36 (KHTML, like Gecko) Chrome/88.0.4324.190 Safari/537.36"
::1 - - [07/Mar/2021:08:51:25 +0000] "GET /graphiql.min.js.map HTTP/1.1" 403 45 "-" "Mozilla/5.0 (Windows NT 6.1) AppleWebKit/537.36 (KHTML, like Gecko) Chrome/88.0.4324.190 Safari/537.36"
::1 - - [07/Mar/2021:08:51:43 +0000] "GET /auth HTTP/1.1" 200 195 "-" "Mozilla/5.0 (Windows NT 6.1) AppleWebKit/537.36 (KHTML, like Gecko) Chrome/88.0.4324.190 Safari/537.36"
::1 - - [07/Mar/2021:08:51:53 +0000] "GET /generalUser HTTP/1.1" 200 927959 "-" "Mozilla/5.0 (Windows NT 6.1) AppleWebKit/537.36 (KHTML, like Gecko) Chrome/88.0.4324.190 Safari/537.36"
::1 - - [07/Mar/2021:08:51:54 +0000] "GET /unfetch.umd.js.map HTTP/1.1" 404 1925 "-" "Mozilla/5.0 (Windows NT 6.1) AppleWebKit/537.36 (KHTML, like Gecko) Chrome/88.0.4324.190 Safari/537.36"
::1 - - [07/Mar/2021:08:51:54 +0000] "POST /generalUser? HTTP/1.1" 500 117 "http://localhost:3000/" "Mozilla/5.0 (Windows NT 6.1) AppleWebKit/537.36 (KHTML, like Gecko) Chrome/88.0.4324.190 Safari/537.36"
::1 - - [07/Mar/2021:08:51:54 +0000] "GET /graphiql.min.js.map HTTP/1.1" 404 1925 "-" "Mozilla/5.0 (Windows NT 6.1) AppleWebKit/537.36 (KHTML, like Gecko) Chrome/88.0.4324.190 Safari/537.36"
::1 - - [07/Mar/2021:08:51:54 +0000] "POST /generalUser? HTTP/1.1" 500 117 "http://localhost:3000/" "Mozilla/5.0 (Windows NT 6.1) AppleWebKit/537.36 (KHTML, like Gecko) Chrome/88.0.4324.190 Safari/537.36"
::1 - - [07/Mar/2021:08:51:56 +0000] "POST /generalUser? HTTP/1.1" 500 117 "http://localhost:3000/" "Mozilla/5.0 (Windows NT 6.1) AppleWebKit/537.36 (KHTML, like Gecko) Chrome/88.0.4324.190 Safari/537.36"
::1 - - [07/Mar/2021:08:53:15 +0000] "POST /generalUser? HTTP/1.1" 400 384 "http://localhost:3000/" "Mozilla/5.0 (Windows NT 6.1) AppleWebKit/537.36 (KHTML, like Gecko) Chrome/88.0.4324.190 Safari/537.36"
::1 - - [07/Mar/2021:08:54:35 +0000] "POST /generalUser? HTTP/1.1" 400 280 "http://localhost:3000/" "Mozilla/5.0 (Windows NT 6.1) AppleWebKit/537.36 (KHTML, like Gecko) Chrome/88.0.4324.190 Safari/537.36"
::1 - - [07/Mar/2021:08:54:45 +0000] "POST /generalUser? HTTP/1.1" 400 279 "http://localhost:3000/" "Mozilla/5.0 (Windows NT 6.1) AppleWebKit/537.36 (KHTML, like Gecko) Chrome/88.0.4324.190 Safari/537.36"
::1 - - [07/Mar/2021:08:54:50 +0000] "POST /generalUser? HTTP/1.1" 400 179 "http://localhost:3000/" "Mozilla/5.0 (Windows NT 6.1) AppleWebKit/537.36 (KHTML, like Gecko) Chrome/88.0.4324.190 Safari/537.36"
::1 - - [07/Mar/2021:08:55:24 +0000] "POST /generalUser? HTTP/1.1" 400 179 "http://localhost:3000/" "Mozilla/5.0 (Windows NT 6.1) AppleWebKit/537.36 (KHTML, like Gecko) Chrome/88.0.4324.190 Safari/537.36"
::1 - - [07/Mar/2021:08:56:56 +0000] "POST /generalUser? HTTP/1.1" 200 43 "http://localhost:3000/" "Mozilla/5.0 (Windows NT 6.1) AppleWebKit/537.36 (KHTML, like Gecko) Chrome/88.0.4324.190 Safari/537.36"
::1 - - [07/Mar/2021:08:57:59 +0000] "POST /generalUser? HTTP/1.1" 400 113 "http://localhost:3000/" "Mozilla/5.0 (Windows NT 6.1) AppleWebKit/537.36 (KHTML, like Gecko) Chrome/88.0.4324.190 Safari/537.36"
::1 - - [07/Mar/2021:08:58:49 +0000] "POST /generalUser? HTTP/1.1" 400 112 "http://localhost:3000/" "Mozilla/5.0 (Windows NT 6.1) AppleWebKit/537.36 (KHTML, like Gecko) Chrome/88.0.4324.190 Safari/537.36"
::1 - - [07/Mar/2021:08:59:32 +0000] "POST /generalUser? HTTP/1.1" 200 75 "http://localhost:3000/" "Mozilla/5.0 (Windows NT 6.1) AppleWebKit/537.36 (KHTML, like Gecko) Chrome/88.0.4324.190 Safari/537.36"
::1 - - [07/Mar/2021:08:59:55 +0000] "POST /generalUser? HTTP/1.1" 400 179 "http://localhost:3000/" "Mozilla/5.0 (Windows NT 6.1) AppleWebKit/537.36 (KHTML, like Gecko) Chrome/88.0.4324.190 Safari/537.36"
::1 - - [07/Mar/2021:09:00:51 +0000] "POST /generalUser? HTTP/1.1" 400 107 "http://localhost:3000/" "Mozilla/5.0 (Windows NT 6.1) AppleWebKit/537.36 (KHTML, like Gecko) Chrome/88.0.4324.190 Safari/537.36"
::1 - - [07/Mar/2021:09:01:57 +0000] "POST /generalUser? HTTP/1.1" 200 190 "http://localhost:3000/" "Mozilla/5.0 (Windows NT 6.1) AppleWebKit/537.36 (KHTML, like Gecko) Chrome/88.0.4324.190 Safari/537.36"
::1 - - [07/Mar/2021:09:02:18 +0000] "POST /generalUser? HTTP/1.1" 400 106 "http://localhost:3000/" "Mozilla/5.0 (Windows NT 6.1) AppleWebKit/537.36 (KHTML, like Gecko) Chrome/88.0.4324.190 Safari/537.36"
::1 - - [07/Mar/2021:09:02:37 +0000] "POST /generalUser? HTTP/1.1" 200 250 "http://localhost:3000/" "Mozilla/5.0 (Windows NT 6.1) AppleWebKit/537.36 (KHTML, like Gecko) Chrome/88.0.4324.190 Safari/537.36"
::1 - - [07/Mar/2021:09:03:03 +0000] "POST /generalUser? HTTP/1.1" 200 250 "http://localhost:3000/" "Mozilla/5.0 (Windows NT 6.1) AppleWebKit/537.36 (KHTML, like Gecko) Chrome/88.0.4324.190 Safari/537.36"
::1 - - [07/Mar/2021:09:04:07 +0000] "POST /generalUser? HTTP/1.1" 200 250 "http://localhost:3000/" "Mozilla/5.0 (Windows NT 6.1) AppleWebKit/537.36 (KHTML, like Gecko) Chrome/88.0.4324.190 Safari/537.36"
::1 - - [07/Mar/2021:09:05:37 +0000] "POST /generalUser? HTTP/1.1" 200 272 "http://localhost:3000/" "Mozilla/5.0 (Windows NT 6.1) AppleWebKit/537.36 (KHTML, like Gecko) Chrome/88.0.4324.190 Safari/537.36"
::1 - - [07/Mar/2021:09:05:52 +0000] "POST /generalUser? HTTP/1.1" 200 272 "http://localhost:3000/" "Mozilla/5.0 (Windows NT 6.1) AppleWebKit/537.36 (KHTML, like Gecko) Chrome/88.0.4324.190 Safari/537.36"
::1 - - [07/Mar/2021:09:06:22 +0000] "POST /generalUser? HTTP/1.1" 200 286 "http://localhost:3000/" "Mozilla/5.0 (Windows NT 6.1) AppleWebKit/537.36 (KHTML, like Gecko) Chrome/88.0.4324.190 Safari/537.36"
::1 - - [07/Mar/2021:09:07:26 +0000] "POST /generalUser? HTTP/1.1" 403 45 "http://localhost:3000/" "Mozilla/5.0 (Windows NT 6.1) AppleWebKit/537.36 (KHTML, like Gecko) Chrome/88.0.4324.190 Safari/537.36"
::1 - - [07/Mar/2021:09:32:03 +0000] "GET /auth HTTP/1.1" 200 195 "-" "Mozilla/5.0 (Windows NT 6.1) AppleWebKit/537.36 (KHTML, like Gecko) Chrome/88.0.4324.190 Safari/537.36"
::1 - - [07/Mar/2021:09:32:13 +0000] "GET /generalUser HTTP/1.1" 200 927959 "-" "Mozilla/5.0 (Windows NT 6.1) AppleWebKit/537.36 (KHTML, like Gecko) Chrome/88.0.4324.190 Safari/537.36"
::1 - - [07/Mar/2021:09:32:13 +0000] "POST /generalUser? HTTP/1.1" 200 20835 "http://localhost:3000/" "Mozilla/5.0 (Windows NT 6.1) AppleWebKit/537.36 (KHTML, like Gecko) Chrome/88.0.4324.190 Safari/537.36"
::1 - - [07/Mar/2021:09:32:17 +0000] "GET /unfetch.umd.js.map HTTP/1.1" 404 1925 "-" "Mozilla/5.0 (Windows NT 6.1) AppleWebKit/537.36 (KHTML, like Gecko) Chrome/88.0.4324.190 Safari/537.36"
::1 - - [07/Mar/2021:09:32:18 +0000] "GET /graphiql.min.js.map HTTP/1.1" 404 1925 "-" "Mozilla/5.0 (Windows NT 6.1) AppleWebKit/537.36 (KHTML, like Gecko) Chrome/88.0.4324.190 Safari/537.36"
::1 - - [07/Mar/2021:09:32:41 +0000] "POST /generalUser? HTTP/1.1" 200 294 "http://localhost:3000/" "Mozilla/5.0 (Windows NT 6.1) AppleWebKit/537.36 (KHTML, like Gecko) Chrome/88.0.4324.190 Safari/537.36"
::1 - - [07/Mar/2021:09:34:20 +0000] "POST /generalUser? HTTP/1.1" 200 294 "http://localhost:3000/" "Mozilla/5.0 (Windows NT 6.1) AppleWebKit/537.36 (KHTML, like Gecko) Chrome/88.0.4324.190 Safari/537.36"
::1 - - [07/Mar/2021:10:19:56 +0000] "POST /generalUser? HTTP/1.1" 200 20835 "http://localhost:3000/" "Mozilla/5.0 (Windows NT 6.1) AppleWebKit/537.36 (KHTML, like Gecko) Chrome/88.0.4324.190 Safari/537.36"
::1 - - [07/Mar/2021:10:19:59 +0000] "POST /generalUser? HTTP/1.1" 200 294 "http://localhost:3000/" "Mozilla/5.0 (Windows NT 6.1) AppleWebKit/537.36 (KHTML, like Gecko) Chrome/88.0.4324.190 Safari/537.36"
::1 - - [07/Mar/2021:10:34:06 +0000] "GET /admin HTTP/1.1" 404 17 "-" "Mozilla/5.0 (Windows NT 6.1) AppleWebKit/537.36 (KHTML, like Gecko) Chrome/88.0.4324.190 Safari/537.36"
::1 - - [07/Mar/2021:10:34:33 +0000] "GET /admin HTTP/1.1" 404 17 "-" "Mozilla/5.0 (Windows NT 6.1) AppleWebKit/537.36 (KHTML, like Gecko) Chrome/88.0.4324.190 Safari/537.36"
::1 - - [07/Mar/2021:10:34:50 +0000] "GET /admin HTTP/1.1" 404 17 "-" "Mozilla/5.0 (Windows NT 6.1) AppleWebKit/537.36 (KHTML, like Gecko) Chrome/88.0.4324.190 Safari/537.36"
::1 - - [07/Mar/2021:10:36:11 +0000] "GET /admin HTTP/1.1" 200 927959 "-" "Mozilla/5.0 (Windows NT 6.1) AppleWebKit/537.36 (KHTML, like Gecko) Chrome/88.0.4324.190 Safari/537.36"
::1 - - [07/Mar/2021:10:36:11 +0000] "POST /admin? HTTP/1.1" 200 31636 "http://localhost:3000/" "Mozilla/5.0 (Windows NT 6.1) AppleWebKit/537.36 (KHTML, like Gecko) Chrome/88.0.4324.190 Safari/537.36"
